<?xml version="1.0" encoding="UTF-8"?>
<testsuite xmlns:xsi="http://www.w3.org/2001/XMLSchema-instance" xsi:noNamespaceSchemaLocation="https://maven.apache.org/surefire/maven-surefire-plugin/xsd/surefire-test-report-3.0.xsd" version="3.0" name="randoopTests.RegressionTest0" time="6.31" tests="87" errors="0" skipped="0" failures="20">
  <properties>
[...]
</properties>
  <testcase name="test01" classname="randoopTests.RegressionTest0" time="0.002"/>
  <testcase name="test02" classname="randoopTests.RegressionTest0" time="0"/>
  <testcase name="test03" classname="randoopTests.RegressionTest0" time="0"/>
  <testcase name="test04" classname="randoopTests.RegressionTest0" time="0"/>
  <testcase name="test05" classname="randoopTests.RegressionTest0" time="0"/>
  <testcase name="test06" classname="randoopTests.RegressionTest0" time="0"/>
  <testcase name="test07" classname="randoopTests.RegressionTest0" time="0"/>
  <testcase name="test08" classname="randoopTests.RegressionTest0" time="0"/>
  <testcase name="test09" classname="randoopTests.RegressionTest0" time="0"/>
  <testcase name="test10" classname="randoopTests.RegressionTest0" time="0"/>
  <testcase name="test11" classname="randoopTests.RegressionTest0" time="0"/>
  <testcase name="test12" classname="randoopTests.RegressionTest0" time="0.002">
    <failure message="&apos;Score: 0&#10;+-----+-----+-----+-----+&#10;|     |    2|     |     |&#10;+-----+-----+-----+-----+&#10;|     |     |     |     |&#10;+-----+-----+-----+-----+&#10;|     |     |     |     |&#10;+-----+-----+-----+-----+&#10;|     |     |    2|     |&#10;+-----+-----+-----+-----+&#10;&apos; != &apos;Score: 0&#10;+-----+-----+-----+-----+&#10;|     |     |     |    2|&#10;+-----+-----+-----+-----+&#10;|     |     |     |     |&#10;+-----+-----+-----+-----+&#10;|    2|     |     |     |&#10;+-----+-----+-----+-----+&#10;|     |     |     |     |&#10;+-----+-----+-----+-----+&#10;&apos; expected:&lt;...-+-----+&#10;|     |    [2|     |     |&#10;+-----+-----+-----+-----+&#10;|     |     |     |     |&#10;+-----+-----+-----+-----+&#10;|     |     |     |     |&#10;+-----+-----+-----+-----+&#10;|     |     |    2]|     |&#10;+-----+-----...&gt; but was:&lt;...-+-----+&#10;|     |    [ |     |    2|&#10;+-----+-----+-----+-----+&#10;|     |     |     |     |&#10;+-----+-----+-----+-----+&#10;|    2|     |     |     |&#10;+-----+-----+-----+-----+&#10;|     |     |     ]|     |&#10;+-----+-----...&gt;" type="org.junit.ComparisonFailure"><![CDATA[org.junit.ComparisonFailure: 
'Score: 0
+-----+-----+-----+-----+
|     |    2|     |     |
+-----+-----+-----+-----+
|     |     |     |     |
+-----+-----+-----+-----+
|     |     |     |     |
+-----+-----+-----+-----+
|     |     |    2|     |
+-----+-----+-----+-----+
' != 'Score: 0
+-----+-----+-----+-----+
|     |     |     |    2|
+-----+-----+-----+-----+
|     |     |     |     |
+-----+-----+-----+-----+
|    2|     |     |     |
+-----+-----+-----+-----+
|     |     |     |     |
+-----+-----+-----+-----+
' expected:<...-+-----+
|     |    [2|     |     |
+-----+-----+-----+-----+
|     |     |     |     |
+-----+-----+-----+-----+
|     |     |     |     |
+-----+-----+-----+-----+
|     |     |    2]|     |
+-----+-----...> but was:<...-+-----+
|     |    [ |     |    2|
+-----+-----+-----+-----+
|     |     |     |     |
+-----+-----+-----+-----+
|    2|     |     |     |
+-----+-----+-----+-----+
|     |     |     ]|     |
+-----+-----...>
	at org.junit.Assert.assertEquals(Assert.java:117)
	at randoopTests.RegressionTest0.test12(RegressionTest0.java:184)
	at sun.reflect.NativeMethodAccessorImpl.invoke0(Native Method)
	at sun.reflect.NativeMethodAccessorImpl.invoke(NativeMethodAccessorImpl.java:62)
	at sun.reflect.DelegatingMethodAccessorImpl.invoke(DelegatingMethodAccessorImpl.java:43)
	at java.lang.reflect.Method.invoke(Method.java:498)
	at org.junit.runners.model.FrameworkMethod$1.runReflectiveCall(FrameworkMethod.java:59)
	at org.junit.internal.runners.model.ReflectiveCallable.run(ReflectiveCallable.java:12)
	at org.junit.runners.model.FrameworkMethod.invokeExplosively(FrameworkMethod.java:56)
	at org.junit.internal.runners.statements.InvokeMethod.evaluate(InvokeMethod.java:17)
	at org.junit.runners.ParentRunner$3.evaluate(ParentRunner.java:306)
	at org.junit.runners.BlockJUnit4ClassRunner$1.evaluate(BlockJUnit4ClassRunner.java:100)
	at org.junit.runners.ParentRunner.runLeaf(ParentRunner.java:366)
	at org.junit.runners.BlockJUnit4ClassRunner.runChild(BlockJUnit4ClassRunner.java:103)
	at org.junit.runners.BlockJUnit4ClassRunner.runChild(BlockJUnit4ClassRunner.java:63)
	at org.junit.runners.ParentRunner$4.run(ParentRunner.java:331)
	at org.junit.runners.ParentRunner$1.schedule(ParentRunner.java:79)
	at org.junit.runners.ParentRunner.runChildren(ParentRunner.java:329)
	at org.junit.runners.ParentRunner.access$100(ParentRunner.java:66)
	at org.junit.runners.ParentRunner$2.evaluate(ParentRunner.java:293)
	at org.junit.runners.ParentRunner$3.evaluate(ParentRunner.java:306)
	at org.junit.runners.ParentRunner.run(ParentRunner.java:413)
	at org.junit.runner.JUnitCore.run(JUnitCore.java:137)
	at org.junit.runner.JUnitCore.run(JUnitCore.java:115)
	at org.junit.vintage.engine.execution.RunnerExecutor.execute(RunnerExecutor.java:42)
	at org.junit.vintage.engine.VintageTestEngine.executeAllChildren(VintageTestEngine.java:80)
	at org.junit.vintage.engine.VintageTestEngine.execute(VintageTestEngine.java:72)
	at org.junit.platform.launcher.core.EngineExecutionOrchestrator.execute(EngineExecutionOrchestrator.java:147)
	at org.junit.platform.launcher.core.EngineExecutionOrchestrator.execute(EngineExecutionOrchestrator.java:127)
	at org.junit.platform.launcher.core.EngineExecutionOrchestrator.execute(EngineExecutionOrchestrator.java:90)
	at org.junit.platform.launcher.core.EngineExecutionOrchestrator.lambda$execute$0(EngineExecutionOrchestrator.java:55)
	at org.junit.platform.launcher.core.EngineExecutionOrchestrator.withInterceptedStreams(EngineExecutionOrchestrator.java:102)
	at org.junit.platform.launcher.core.EngineExecutionOrchestrator.execute(EngineExecutionOrchestrator.java:54)
	at org.junit.platform.launcher.core.DefaultLauncher.execute(DefaultLauncher.java:114)
	at org.junit.platform.launcher.core.DefaultLauncher.execute(DefaultLauncher.java:86)
	at org.junit.platform.launcher.core.DefaultLauncherSession$DelegatingLauncher.execute(DefaultLauncherSession.java:86)
	at org.apache.maven.surefire.junitplatform.LazyLauncher.execute(LazyLauncher.java:55)
	at org.apache.maven.surefire.junitplatform.JUnitPlatformProvider.execute(JUnitPlatformProvider.java:223)
	at org.apache.maven.surefire.junitplatform.JUnitPlatformProvider.invokeAllTests(JUnitPlatformProvider.java:175)
	at org.apache.maven.surefire.junitplatform.JUnitPlatformProvider.invoke(JUnitPlatformProvider.java:139)
	at org.apache.maven.surefire.booter.ForkedBooter.runSuitesInProcess(ForkedBooter.java:456)
	at org.apache.maven.surefire.booter.ForkedBooter.execute(ForkedBooter.java:169)
	at org.apache.maven.surefire.booter.ForkedBooter.run(ForkedBooter.java:595)
	at org.apache.maven.surefire.booter.ForkedBooter.main(ForkedBooter.java:581)
]]></failure>
  </testcase>
  <testcase name="test13" classname="randoopTests.RegressionTest0" time="0">
    <failure message="&apos;Score: 0&#10;+-----+-----+-----+-----+&#10;|     |     |    4|     |&#10;+-----+-----+-----+-----+&#10;|     |    2|     |     |&#10;+-----+-----+-----+-----+&#10;|     |     |     |     |&#10;+-----+-----+-----+-----+&#10;|     |     |     |     |&#10;+-----+-----+-----+-----+&#10;&apos; != &apos;Score: 0&#10;+-----+-----+-----+-----+&#10;|     |     |     |    2|&#10;+-----+-----+-----+-----+&#10;|     |     |     |     |&#10;+-----+-----+-----+-----+&#10;|    2|     |     |     |&#10;+-----+-----+-----+-----+&#10;|     |     |     |     |&#10;+-----+-----+-----+-----+&#10;&apos; expected:&lt;...-+&#10;|     |     |    [4|     |&#10;+-----+-----+-----+-----+&#10;|     |    2|     |     |&#10;+-----+-----+-----+-----+&#10;|     ]|     |     |     |&#10;...&gt; but was:&lt;...-+&#10;|     |     |    [ |    2|&#10;+-----+-----+-----+-----+&#10;|     |     |     |     |&#10;+-----+-----+-----+-----+&#10;|    2]|     |     |     |&#10;...&gt;" type="org.junit.ComparisonFailure"><![CDATA[org.junit.ComparisonFailure: 
'Score: 0
+-----+-----+-----+-----+
|     |     |    4|     |
+-----+-----+-----+-----+
|     |    2|     |     |
+-----+-----+-----+-----+
|     |     |     |     |
+-----+-----+-----+-----+
|     |     |     |     |
+-----+-----+-----+-----+
' != 'Score: 0
+-----+-----+-----+-----+
|     |     |     |    2|
+-----+-----+-----+-----+
|     |     |     |     |
+-----+-----+-----+-----+
|    2|     |     |     |
+-----+-----+-----+-----+
|     |     |     |     |
+-----+-----+-----+-----+
' expected:<...-+
|     |     |    [4|     |
+-----+-----+-----+-----+
|     |    2|     |     |
+-----+-----+-----+-----+
|     ]|     |     |     |
...> but was:<...-+
|     |     |    [ |    2|
+-----+-----+-----+-----+
|     |     |     |     |
+-----+-----+-----+-----+
|    2]|     |     |     |
...>
	at org.junit.Assert.assertEquals(Assert.java:117)
	at randoopTests.RegressionTest0.test13(RegressionTest0.java:202)
	at sun.reflect.NativeMethodAccessorImpl.invoke0(Native Method)
	at sun.reflect.NativeMethodAccessorImpl.invoke(NativeMethodAccessorImpl.java:62)
	at sun.reflect.DelegatingMethodAccessorImpl.invoke(DelegatingMethodAccessorImpl.java:43)
	at java.lang.reflect.Method.invoke(Method.java:498)
	at org.junit.runners.model.FrameworkMethod$1.runReflectiveCall(FrameworkMethod.java:59)
	at org.junit.internal.runners.model.ReflectiveCallable.run(ReflectiveCallable.java:12)
	at org.junit.runners.model.FrameworkMethod.invokeExplosively(FrameworkMethod.java:56)
	at org.junit.internal.runners.statements.InvokeMethod.evaluate(InvokeMethod.java:17)
	at org.junit.runners.ParentRunner$3.evaluate(ParentRunner.java:306)
	at org.junit.runners.BlockJUnit4ClassRunner$1.evaluate(BlockJUnit4ClassRunner.java:100)
	at org.junit.runners.ParentRunner.runLeaf(ParentRunner.java:366)
	at org.junit.runners.BlockJUnit4ClassRunner.runChild(BlockJUnit4ClassRunner.java:103)
	at org.junit.runners.BlockJUnit4ClassRunner.runChild(BlockJUnit4ClassRunner.java:63)
	at org.junit.runners.ParentRunner$4.run(ParentRunner.java:331)
	at org.junit.runners.ParentRunner$1.schedule(ParentRunner.java:79)
	at org.junit.runners.ParentRunner.runChildren(ParentRunner.java:329)
	at org.junit.runners.ParentRunner.access$100(ParentRunner.java:66)
	at org.junit.runners.ParentRunner$2.evaluate(ParentRunner.java:293)
	at org.junit.runners.ParentRunner$3.evaluate(ParentRunner.java:306)
	at org.junit.runners.ParentRunner.run(ParentRunner.java:413)
	at org.junit.runner.JUnitCore.run(JUnitCore.java:137)
	at org.junit.runner.JUnitCore.run(JUnitCore.java:115)
	at org.junit.vintage.engine.execution.RunnerExecutor.execute(RunnerExecutor.java:42)
	at org.junit.vintage.engine.VintageTestEngine.executeAllChildren(VintageTestEngine.java:80)
	at org.junit.vintage.engine.VintageTestEngine.execute(VintageTestEngine.java:72)
	at org.junit.platform.launcher.core.EngineExecutionOrchestrator.execute(EngineExecutionOrchestrator.java:147)
	at org.junit.platform.launcher.core.EngineExecutionOrchestrator.execute(EngineExecutionOrchestrator.java:127)
	at org.junit.platform.launcher.core.EngineExecutionOrchestrator.execute(EngineExecutionOrchestrator.java:90)
	at org.junit.platform.launcher.core.EngineExecutionOrchestrator.lambda$execute$0(EngineExecutionOrchestrator.java:55)
	at org.junit.platform.launcher.core.EngineExecutionOrchestrator.withInterceptedStreams(EngineExecutionOrchestrator.java:102)
	at org.junit.platform.launcher.core.EngineExecutionOrchestrator.execute(EngineExecutionOrchestrator.java:54)
	at org.junit.platform.launcher.core.DefaultLauncher.execute(DefaultLauncher.java:114)
	at org.junit.platform.launcher.core.DefaultLauncher.execute(DefaultLauncher.java:86)
	at org.junit.platform.launcher.core.DefaultLauncherSession$DelegatingLauncher.execute(DefaultLauncherSession.java:86)
	at org.apache.maven.surefire.junitplatform.LazyLauncher.execute(LazyLauncher.java:55)
	at org.apache.maven.surefire.junitplatform.JUnitPlatformProvider.execute(JUnitPlatformProvider.java:223)
	at org.apache.maven.surefire.junitplatform.JUnitPlatformProvider.invokeAllTests(JUnitPlatformProvider.java:175)
	at org.apache.maven.surefire.junitplatform.JUnitPlatformProvider.invoke(JUnitPlatformProvider.java:139)
	at org.apache.maven.surefire.booter.ForkedBooter.runSuitesInProcess(ForkedBooter.java:456)
	at org.apache.maven.surefire.booter.ForkedBooter.execute(ForkedBooter.java:169)
	at org.apache.maven.surefire.booter.ForkedBooter.run(ForkedBooter.java:595)
	at org.apache.maven.surefire.booter.ForkedBooter.main(ForkedBooter.java:581)
]]></failure>
  </testcase>
  <testcase name="test14" classname="randoopTests.RegressionTest0" time="0.001"/>
  <testcase name="test15" classname="randoopTests.RegressionTest0" time="0"/>
  <testcase name="test16" classname="randoopTests.RegressionTest0" time="0"/>
  <testcase name="test17" classname="randoopTests.RegressionTest0" time="0.001">
    <failure message="&apos;Score: 0&#10;+-----+-----+-----+-----+&#10;|     |    2|    4|     |&#10;+-----+-----+-----+-----+&#10;|     |     |     |     |&#10;+-----+-----+-----+-----+&#10;|     |     |     |     |&#10;+-----+-----+-----+-----+&#10;|     |     |     |     |&#10;+-----+-----+-----+-----+&#10;&apos; != &apos;Score: 0&#10;+-----+-----+-----+-----+&#10;|     |     |     |     |&#10;+-----+-----+-----+-----+&#10;|     |     |     |    2|&#10;+-----+-----+-----+-----+&#10;|    2|     |     |     |&#10;+-----+-----+-----+-----+&#10;|     |     |     |     |&#10;+-----+-----+-----+-----+&#10;&apos; expected:&lt;...-+-----+&#10;|     |    [2|    4|     |&#10;+-----+-----+-----+-----+&#10;|     |     |     |     |&#10;+-----+-----+-----+-----+&#10;|     ]|     |     |     |&#10;...&gt; but was:&lt;...-+-----+&#10;|     |    [ |     |     |&#10;+-----+-----+-----+-----+&#10;|     |     |     |    2|&#10;+-----+-----+-----+-----+&#10;|    2]|     |     |     |&#10;...&gt;" type="org.junit.ComparisonFailure"><![CDATA[org.junit.ComparisonFailure: 
'Score: 0
+-----+-----+-----+-----+
|     |    2|    4|     |
+-----+-----+-----+-----+
|     |     |     |     |
+-----+-----+-----+-----+
|     |     |     |     |
+-----+-----+-----+-----+
|     |     |     |     |
+-----+-----+-----+-----+
' != 'Score: 0
+-----+-----+-----+-----+
|     |     |     |     |
+-----+-----+-----+-----+
|     |     |     |    2|
+-----+-----+-----+-----+
|    2|     |     |     |
+-----+-----+-----+-----+
|     |     |     |     |
+-----+-----+-----+-----+
' expected:<...-+-----+
|     |    [2|    4|     |
+-----+-----+-----+-----+
|     |     |     |     |
+-----+-----+-----+-----+
|     ]|     |     |     |
...> but was:<...-+-----+
|     |    [ |     |     |
+-----+-----+-----+-----+
|     |     |     |    2|
+-----+-----+-----+-----+
|    2]|     |     |     |
...>
	at org.junit.Assert.assertEquals(Assert.java:117)
	at randoopTests.RegressionTest0.test17(RegressionTest0.java:273)
	at sun.reflect.NativeMethodAccessorImpl.invoke0(Native Method)
	at sun.reflect.NativeMethodAccessorImpl.invoke(NativeMethodAccessorImpl.java:62)
	at sun.reflect.DelegatingMethodAccessorImpl.invoke(DelegatingMethodAccessorImpl.java:43)
	at java.lang.reflect.Method.invoke(Method.java:498)
	at org.junit.runners.model.FrameworkMethod$1.runReflectiveCall(FrameworkMethod.java:59)
	at org.junit.internal.runners.model.ReflectiveCallable.run(ReflectiveCallable.java:12)
	at org.junit.runners.model.FrameworkMethod.invokeExplosively(FrameworkMethod.java:56)
	at org.junit.internal.runners.statements.InvokeMethod.evaluate(InvokeMethod.java:17)
	at org.junit.runners.ParentRunner$3.evaluate(ParentRunner.java:306)
	at org.junit.runners.BlockJUnit4ClassRunner$1.evaluate(BlockJUnit4ClassRunner.java:100)
	at org.junit.runners.ParentRunner.runLeaf(ParentRunner.java:366)
	at org.junit.runners.BlockJUnit4ClassRunner.runChild(BlockJUnit4ClassRunner.java:103)
	at org.junit.runners.BlockJUnit4ClassRunner.runChild(BlockJUnit4ClassRunner.java:63)
	at org.junit.runners.ParentRunner$4.run(ParentRunner.java:331)
	at org.junit.runners.ParentRunner$1.schedule(ParentRunner.java:79)
	at org.junit.runners.ParentRunner.runChildren(ParentRunner.java:329)
	at org.junit.runners.ParentRunner.access$100(ParentRunner.java:66)
	at org.junit.runners.ParentRunner$2.evaluate(ParentRunner.java:293)
	at org.junit.runners.ParentRunner$3.evaluate(ParentRunner.java:306)
	at org.junit.runners.ParentRunner.run(ParentRunner.java:413)
	at org.junit.runner.JUnitCore.run(JUnitCore.java:137)
	at org.junit.runner.JUnitCore.run(JUnitCore.java:115)
	at org.junit.vintage.engine.execution.RunnerExecutor.execute(RunnerExecutor.java:42)
	at org.junit.vintage.engine.VintageTestEngine.executeAllChildren(VintageTestEngine.java:80)
	at org.junit.vintage.engine.VintageTestEngine.execute(VintageTestEngine.java:72)
	at org.junit.platform.launcher.core.EngineExecutionOrchestrator.execute(EngineExecutionOrchestrator.java:147)
	at org.junit.platform.launcher.core.EngineExecutionOrchestrator.execute(EngineExecutionOrchestrator.java:127)
	at org.junit.platform.launcher.core.EngineExecutionOrchestrator.execute(EngineExecutionOrchestrator.java:90)
	at org.junit.platform.launcher.core.EngineExecutionOrchestrator.lambda$execute$0(EngineExecutionOrchestrator.java:55)
	at org.junit.platform.launcher.core.EngineExecutionOrchestrator.withInterceptedStreams(EngineExecutionOrchestrator.java:102)
	at org.junit.platform.launcher.core.EngineExecutionOrchestrator.execute(EngineExecutionOrchestrator.java:54)
	at org.junit.platform.launcher.core.DefaultLauncher.execute(DefaultLauncher.java:114)
	at org.junit.platform.launcher.core.DefaultLauncher.execute(DefaultLauncher.java:86)
	at org.junit.platform.launcher.core.DefaultLauncherSession$DelegatingLauncher.execute(DefaultLauncherSession.java:86)
	at org.apache.maven.surefire.junitplatform.LazyLauncher.execute(LazyLauncher.java:55)
	at org.apache.maven.surefire.junitplatform.JUnitPlatformProvider.execute(JUnitPlatformProvider.java:223)
	at org.apache.maven.surefire.junitplatform.JUnitPlatformProvider.invokeAllTests(JUnitPlatformProvider.java:175)
	at org.apache.maven.surefire.junitplatform.JUnitPlatformProvider.invoke(JUnitPlatformProvider.java:139)
	at org.apache.maven.surefire.booter.ForkedBooter.runSuitesInProcess(ForkedBooter.java:456)
	at org.apache.maven.surefire.booter.ForkedBooter.execute(ForkedBooter.java:169)
	at org.apache.maven.surefire.booter.ForkedBooter.run(ForkedBooter.java:595)
	at org.apache.maven.surefire.booter.ForkedBooter.main(ForkedBooter.java:581)
]]></failure>
  </testcase>
  <testcase name="test18" classname="randoopTests.RegressionTest0" time="0"/>
  <testcase name="test19" classname="randoopTests.RegressionTest0" time="0.001"/>
  <testcase name="test20" classname="randoopTests.RegressionTest0" time="0"/>
  <testcase name="test21" classname="randoopTests.RegressionTest0" time="0">
    <failure message="&apos;Score: 0&#10;+-----+-----+-----+-----+&#10;|     |     |     |     |&#10;+-----+-----+-----+-----+&#10;|     |     |     |    2|&#10;+-----+-----+-----+-----+&#10;|     |     |     |     |&#10;+-----+-----+-----+-----+&#10;|     |     |     |    2|&#10;+-----+-----+-----+-----+&#10;&apos; != &apos;Score: 0&#10;+-----+-----+-----+-----+&#10;|     |    2|     |     |&#10;+-----+-----+-----+-----+&#10;|     |     |    2|     |&#10;+-----+-----+-----+-----+&#10;|     |     |     |     |&#10;+-----+-----+-----+-----+&#10;|     |     |     |     |&#10;+-----+-----+-----+-----+&#10;&apos; expected:&lt;...-+-----+&#10;|     |    [ |     |     |&#10;+-----+-----+-----+-----+&#10;|     |     |     |    2|&#10;+-----+-----+-----+-----+&#10;|     |     |     |     |&#10;+-----+-----+-----+-----+&#10;|     |     |     |    2]|&#10;+-----+-----+-----...&gt; but was:&lt;...-+-----+&#10;|     |    [2|     |     |&#10;+-----+-----+-----+-----+&#10;|     |     |    2|     |&#10;+-----+-----+-----+-----+&#10;|     |     |     |     |&#10;+-----+-----+-----+-----+&#10;|     |     |     |     ]|&#10;+-----+-----+-----...&gt;" type="org.junit.ComparisonFailure"><![CDATA[org.junit.ComparisonFailure: 
'Score: 0
+-----+-----+-----+-----+
|     |     |     |     |
+-----+-----+-----+-----+
|     |     |     |    2|
+-----+-----+-----+-----+
|     |     |     |     |
+-----+-----+-----+-----+
|     |     |     |    2|
+-----+-----+-----+-----+
' != 'Score: 0
+-----+-----+-----+-----+
|     |    2|     |     |
+-----+-----+-----+-----+
|     |     |    2|     |
+-----+-----+-----+-----+
|     |     |     |     |
+-----+-----+-----+-----+
|     |     |     |     |
+-----+-----+-----+-----+
' expected:<...-+-----+
|     |    [ |     |     |
+-----+-----+-----+-----+
|     |     |     |    2|
+-----+-----+-----+-----+
|     |     |     |     |
+-----+-----+-----+-----+
|     |     |     |    2]|
+-----+-----+-----...> but was:<...-+-----+
|     |    [2|     |     |
+-----+-----+-----+-----+
|     |     |    2|     |
+-----+-----+-----+-----+
|     |     |     |     |
+-----+-----+-----+-----+
|     |     |     |     ]|
+-----+-----+-----...>
	at org.junit.Assert.assertEquals(Assert.java:117)
	at randoopTests.RegressionTest0.test21(RegressionTest0.java:328)
	at sun.reflect.NativeMethodAccessorImpl.invoke0(Native Method)
	at sun.reflect.NativeMethodAccessorImpl.invoke(NativeMethodAccessorImpl.java:62)
	at sun.reflect.DelegatingMethodAccessorImpl.invoke(DelegatingMethodAccessorImpl.java:43)
	at java.lang.reflect.Method.invoke(Method.java:498)
	at org.junit.runners.model.FrameworkMethod$1.runReflectiveCall(FrameworkMethod.java:59)
	at org.junit.internal.runners.model.ReflectiveCallable.run(ReflectiveCallable.java:12)
	at org.junit.runners.model.FrameworkMethod.invokeExplosively(FrameworkMethod.java:56)
	at org.junit.internal.runners.statements.InvokeMethod.evaluate(InvokeMethod.java:17)
	at org.junit.runners.ParentRunner$3.evaluate(ParentRunner.java:306)
	at org.junit.runners.BlockJUnit4ClassRunner$1.evaluate(BlockJUnit4ClassRunner.java:100)
	at org.junit.runners.ParentRunner.runLeaf(ParentRunner.java:366)
	at org.junit.runners.BlockJUnit4ClassRunner.runChild(BlockJUnit4ClassRunner.java:103)
	at org.junit.runners.BlockJUnit4ClassRunner.runChild(BlockJUnit4ClassRunner.java:63)
	at org.junit.runners.ParentRunner$4.run(ParentRunner.java:331)
	at org.junit.runners.ParentRunner$1.schedule(ParentRunner.java:79)
	at org.junit.runners.ParentRunner.runChildren(ParentRunner.java:329)
	at org.junit.runners.ParentRunner.access$100(ParentRunner.java:66)
	at org.junit.runners.ParentRunner$2.evaluate(ParentRunner.java:293)
	at org.junit.runners.ParentRunner$3.evaluate(ParentRunner.java:306)
	at org.junit.runners.ParentRunner.run(ParentRunner.java:413)
	at org.junit.runner.JUnitCore.run(JUnitCore.java:137)
	at org.junit.runner.JUnitCore.run(JUnitCore.java:115)
	at org.junit.vintage.engine.execution.RunnerExecutor.execute(RunnerExecutor.java:42)
	at org.junit.vintage.engine.VintageTestEngine.executeAllChildren(VintageTestEngine.java:80)
	at org.junit.vintage.engine.VintageTestEngine.execute(VintageTestEngine.java:72)
	at org.junit.platform.launcher.core.EngineExecutionOrchestrator.execute(EngineExecutionOrchestrator.java:147)
	at org.junit.platform.launcher.core.EngineExecutionOrchestrator.execute(EngineExecutionOrchestrator.java:127)
	at org.junit.platform.launcher.core.EngineExecutionOrchestrator.execute(EngineExecutionOrchestrator.java:90)
	at org.junit.platform.launcher.core.EngineExecutionOrchestrator.lambda$execute$0(EngineExecutionOrchestrator.java:55)
	at org.junit.platform.launcher.core.EngineExecutionOrchestrator.withInterceptedStreams(EngineExecutionOrchestrator.java:102)
	at org.junit.platform.launcher.core.EngineExecutionOrchestrator.execute(EngineExecutionOrchestrator.java:54)
	at org.junit.platform.launcher.core.DefaultLauncher.execute(DefaultLauncher.java:114)
	at org.junit.platform.launcher.core.DefaultLauncher.execute(DefaultLauncher.java:86)
	at org.junit.platform.launcher.core.DefaultLauncherSession$DelegatingLauncher.execute(DefaultLauncherSession.java:86)
	at org.apache.maven.surefire.junitplatform.LazyLauncher.execute(LazyLauncher.java:55)
	at org.apache.maven.surefire.junitplatform.JUnitPlatformProvider.execute(JUnitPlatformProvider.java:223)
	at org.apache.maven.surefire.junitplatform.JUnitPlatformProvider.invokeAllTests(JUnitPlatformProvider.java:175)
	at org.apache.maven.surefire.junitplatform.JUnitPlatformProvider.invoke(JUnitPlatformProvider.java:139)
	at org.apache.maven.surefire.booter.ForkedBooter.runSuitesInProcess(ForkedBooter.java:456)
	at org.apache.maven.surefire.booter.ForkedBooter.execute(ForkedBooter.java:169)
	at org.apache.maven.surefire.booter.ForkedBooter.run(ForkedBooter.java:595)
	at org.apache.maven.surefire.booter.ForkedBooter.main(ForkedBooter.java:581)
]]></failure>
  </testcase>
  <testcase name="test22" classname="randoopTests.RegressionTest0" time="0"/>
  <testcase name="test23" classname="randoopTests.RegressionTest0" time="0"/>
  <testcase name="test24" classname="randoopTests.RegressionTest0" time="0"/>
  <testcase name="test25" classname="randoopTests.RegressionTest0" time="0">
    <failure message="&apos;Score: 0&#10;+-----+-----+-----+-----+&#10;|     |     |    2|     |&#10;+-----+-----+-----+-----+&#10;|     |     |     |     |&#10;+-----+-----+-----+-----+&#10;|     |     |     |     |&#10;+-----+-----+-----+-----+&#10;|     |     |     |    4|&#10;+-----+-----+-----+-----+&#10;&apos; != &apos;Score: 0&#10;+-----+-----+-----+-----+&#10;|     |     |     |    2|&#10;+-----+-----+-----+-----+&#10;|     |     |     |     |&#10;+-----+-----+-----+-----+&#10;|     |     |     |     |&#10;+-----+-----+-----+-----+&#10;|     |     |    2|     |&#10;+-----+-----+-----+-----+&#10;&apos; expected:&lt;...-+&#10;|     |     |    [2|     |&#10;+-----+-----+-----+-----+&#10;|     |     |     |     |&#10;+-----+-----+-----+-----+&#10;|     |     |     |     |&#10;+-----+-----+-----+-----+&#10;|     |     |     |    4]|&#10;+-----+-----+-----...&gt; but was:&lt;...-+&#10;|     |     |    [ |    2|&#10;+-----+-----+-----+-----+&#10;|     |     |     |     |&#10;+-----+-----+-----+-----+&#10;|     |     |     |     |&#10;+-----+-----+-----+-----+&#10;|     |     |    2|     ]|&#10;+-----+-----+-----...&gt;" type="org.junit.ComparisonFailure"><![CDATA[org.junit.ComparisonFailure: 
'Score: 0
+-----+-----+-----+-----+
|     |     |    2|     |
+-----+-----+-----+-----+
|     |     |     |     |
+-----+-----+-----+-----+
|     |     |     |     |
+-----+-----+-----+-----+
|     |     |     |    4|
+-----+-----+-----+-----+
' != 'Score: 0
+-----+-----+-----+-----+
|     |     |     |    2|
+-----+-----+-----+-----+
|     |     |     |     |
+-----+-----+-----+-----+
|     |     |     |     |
+-----+-----+-----+-----+
|     |     |    2|     |
+-----+-----+-----+-----+
' expected:<...-+
|     |     |    [2|     |
+-----+-----+-----+-----+
|     |     |     |     |
+-----+-----+-----+-----+
|     |     |     |     |
+-----+-----+-----+-----+
|     |     |     |    4]|
+-----+-----+-----...> but was:<...-+
|     |     |    [ |    2|
+-----+-----+-----+-----+
|     |     |     |     |
+-----+-----+-----+-----+
|     |     |     |     |
+-----+-----+-----+-----+
|     |     |    2|     ]|
+-----+-----+-----...>
	at org.junit.Assert.assertEquals(Assert.java:117)
	at randoopTests.RegressionTest0.test25(RegressionTest0.java:379)
	at sun.reflect.NativeMethodAccessorImpl.invoke0(Native Method)
	at sun.reflect.NativeMethodAccessorImpl.invoke(NativeMethodAccessorImpl.java:62)
	at sun.reflect.DelegatingMethodAccessorImpl.invoke(DelegatingMethodAccessorImpl.java:43)
	at java.lang.reflect.Method.invoke(Method.java:498)
	at org.junit.runners.model.FrameworkMethod$1.runReflectiveCall(FrameworkMethod.java:59)
	at org.junit.internal.runners.model.ReflectiveCallable.run(ReflectiveCallable.java:12)
	at org.junit.runners.model.FrameworkMethod.invokeExplosively(FrameworkMethod.java:56)
	at org.junit.internal.runners.statements.InvokeMethod.evaluate(InvokeMethod.java:17)
	at org.junit.runners.ParentRunner$3.evaluate(ParentRunner.java:306)
	at org.junit.runners.BlockJUnit4ClassRunner$1.evaluate(BlockJUnit4ClassRunner.java:100)
	at org.junit.runners.ParentRunner.runLeaf(ParentRunner.java:366)
	at org.junit.runners.BlockJUnit4ClassRunner.runChild(BlockJUnit4ClassRunner.java:103)
	at org.junit.runners.BlockJUnit4ClassRunner.runChild(BlockJUnit4ClassRunner.java:63)
	at org.junit.runners.ParentRunner$4.run(ParentRunner.java:331)
	at org.junit.runners.ParentRunner$1.schedule(ParentRunner.java:79)
	at org.junit.runners.ParentRunner.runChildren(ParentRunner.java:329)
	at org.junit.runners.ParentRunner.access$100(ParentRunner.java:66)
	at org.junit.runners.ParentRunner$2.evaluate(ParentRunner.java:293)
	at org.junit.runners.ParentRunner$3.evaluate(ParentRunner.java:306)
	at org.junit.runners.ParentRunner.run(ParentRunner.java:413)
	at org.junit.runner.JUnitCore.run(JUnitCore.java:137)
	at org.junit.runner.JUnitCore.run(JUnitCore.java:115)
	at org.junit.vintage.engine.execution.RunnerExecutor.execute(RunnerExecutor.java:42)
	at org.junit.vintage.engine.VintageTestEngine.executeAllChildren(VintageTestEngine.java:80)
	at org.junit.vintage.engine.VintageTestEngine.execute(VintageTestEngine.java:72)
	at org.junit.platform.launcher.core.EngineExecutionOrchestrator.execute(EngineExecutionOrchestrator.java:147)
	at org.junit.platform.launcher.core.EngineExecutionOrchestrator.execute(EngineExecutionOrchestrator.java:127)
	at org.junit.platform.launcher.core.EngineExecutionOrchestrator.execute(EngineExecutionOrchestrator.java:90)
	at org.junit.platform.launcher.core.EngineExecutionOrchestrator.lambda$execute$0(EngineExecutionOrchestrator.java:55)
	at org.junit.platform.launcher.core.EngineExecutionOrchestrator.withInterceptedStreams(EngineExecutionOrchestrator.java:102)
	at org.junit.platform.launcher.core.EngineExecutionOrchestrator.execute(EngineExecutionOrchestrator.java:54)
	at org.junit.platform.launcher.core.DefaultLauncher.execute(DefaultLauncher.java:114)
	at org.junit.platform.launcher.core.DefaultLauncher.execute(DefaultLauncher.java:86)
	at org.junit.platform.launcher.core.DefaultLauncherSession$DelegatingLauncher.execute(DefaultLauncherSession.java:86)
	at org.apache.maven.surefire.junitplatform.LazyLauncher.execute(LazyLauncher.java:55)
	at org.apache.maven.surefire.junitplatform.JUnitPlatformProvider.execute(JUnitPlatformProvider.java:223)
	at org.apache.maven.surefire.junitplatform.JUnitPlatformProvider.invokeAllTests(JUnitPlatformProvider.java:175)
	at org.apache.maven.surefire.junitplatform.JUnitPlatformProvider.invoke(JUnitPlatformProvider.java:139)
	at org.apache.maven.surefire.booter.ForkedBooter.runSuitesInProcess(ForkedBooter.java:456)
	at org.apache.maven.surefire.booter.ForkedBooter.execute(ForkedBooter.java:169)
	at org.apache.maven.surefire.booter.ForkedBooter.run(ForkedBooter.java:595)
	at org.apache.maven.surefire.booter.ForkedBooter.main(ForkedBooter.java:581)
]]></failure>
  </testcase>
  <testcase name="test26" classname="randoopTests.RegressionTest0" time="0"/>
  <testcase name="test27" classname="randoopTests.RegressionTest0" time="0"/>
  <testcase name="test28" classname="randoopTests.RegressionTest0" time="0"/>
  <testcase name="test29" classname="randoopTests.RegressionTest0" time="0"/>
  <testcase name="test30" classname="randoopTests.RegressionTest0" time="0"/>
  <testcase name="test31" classname="randoopTests.RegressionTest0" time="0"/>
  <testcase name="test32" classname="randoopTests.RegressionTest0" time="0">
    <failure message="&apos;Score: 0&#10;+-----+-----+-----+-----+&#10;|     |     |     |     |&#10;+-----+-----+-----+-----+&#10;|    2|     |     |     |&#10;+-----+-----+-----+-----+&#10;|     |     |    2|     |&#10;+-----+-----+-----+-----+&#10;|     |     |     |     |&#10;+-----+-----+-----+-----+&#10;&apos; != &apos;Score: 0&#10;+-----+-----+-----+-----+&#10;|     |     |     |     |&#10;+-----+-----+-----+-----+&#10;|     |     |     |     |&#10;+-----+-----+-----+-----+&#10;|     |    2|     |     |&#10;+-----+-----+-----+-----+&#10;|    2|     |     |     |&#10;+-----+-----+-----+-----+&#10;&apos; expected:&lt;...-+-----+-----+&#10;|    [2|     |     |     |&#10;+-----+-----+-----+-----+&#10;|     |     |    2|     |&#10;+-----+-----+-----+-----+&#10;|     ]|     |     |     |&#10;...&gt; but was:&lt;...-+-----+-----+&#10;|    [ |     |     |     |&#10;+-----+-----+-----+-----+&#10;|     |    2|     |     |&#10;+-----+-----+-----+-----+&#10;|    2]|     |     |     |&#10;...&gt;" type="org.junit.ComparisonFailure"><![CDATA[org.junit.ComparisonFailure: 
'Score: 0
+-----+-----+-----+-----+
|     |     |     |     |
+-----+-----+-----+-----+
|    2|     |     |     |
+-----+-----+-----+-----+
|     |     |    2|     |
+-----+-----+-----+-----+
|     |     |     |     |
+-----+-----+-----+-----+
' != 'Score: 0
+-----+-----+-----+-----+
|     |     |     |     |
+-----+-----+-----+-----+
|     |     |     |     |
+-----+-----+-----+-----+
|     |    2|     |     |
+-----+-----+-----+-----+
|    2|     |     |     |
+-----+-----+-----+-----+
' expected:<...-+-----+-----+
|    [2|     |     |     |
+-----+-----+-----+-----+
|     |     |    2|     |
+-----+-----+-----+-----+
|     ]|     |     |     |
...> but was:<...-+-----+-----+
|    [ |     |     |     |
+-----+-----+-----+-----+
|     |    2|     |     |
+-----+-----+-----+-----+
|    2]|     |     |     |
...>
	at org.junit.Assert.assertEquals(Assert.java:117)
	at randoopTests.RegressionTest0.test32(RegressionTest0.java:554)
	at sun.reflect.NativeMethodAccessorImpl.invoke0(Native Method)
	at sun.reflect.NativeMethodAccessorImpl.invoke(NativeMethodAccessorImpl.java:62)
	at sun.reflect.DelegatingMethodAccessorImpl.invoke(DelegatingMethodAccessorImpl.java:43)
	at java.lang.reflect.Method.invoke(Method.java:498)
	at org.junit.runners.model.FrameworkMethod$1.runReflectiveCall(FrameworkMethod.java:59)
	at org.junit.internal.runners.model.ReflectiveCallable.run(ReflectiveCallable.java:12)
	at org.junit.runners.model.FrameworkMethod.invokeExplosively(FrameworkMethod.java:56)
	at org.junit.internal.runners.statements.InvokeMethod.evaluate(InvokeMethod.java:17)
	at org.junit.runners.ParentRunner$3.evaluate(ParentRunner.java:306)
	at org.junit.runners.BlockJUnit4ClassRunner$1.evaluate(BlockJUnit4ClassRunner.java:100)
	at org.junit.runners.ParentRunner.runLeaf(ParentRunner.java:366)
	at org.junit.runners.BlockJUnit4ClassRunner.runChild(BlockJUnit4ClassRunner.java:103)
	at org.junit.runners.BlockJUnit4ClassRunner.runChild(BlockJUnit4ClassRunner.java:63)
	at org.junit.runners.ParentRunner$4.run(ParentRunner.java:331)
	at org.junit.runners.ParentRunner$1.schedule(ParentRunner.java:79)
	at org.junit.runners.ParentRunner.runChildren(ParentRunner.java:329)
	at org.junit.runners.ParentRunner.access$100(ParentRunner.java:66)
	at org.junit.runners.ParentRunner$2.evaluate(ParentRunner.java:293)
	at org.junit.runners.ParentRunner$3.evaluate(ParentRunner.java:306)
	at org.junit.runners.ParentRunner.run(ParentRunner.java:413)
	at org.junit.runner.JUnitCore.run(JUnitCore.java:137)
	at org.junit.runner.JUnitCore.run(JUnitCore.java:115)
	at org.junit.vintage.engine.execution.RunnerExecutor.execute(RunnerExecutor.java:42)
	at org.junit.vintage.engine.VintageTestEngine.executeAllChildren(VintageTestEngine.java:80)
	at org.junit.vintage.engine.VintageTestEngine.execute(VintageTestEngine.java:72)
	at org.junit.platform.launcher.core.EngineExecutionOrchestrator.execute(EngineExecutionOrchestrator.java:147)
	at org.junit.platform.launcher.core.EngineExecutionOrchestrator.execute(EngineExecutionOrchestrator.java:127)
	at org.junit.platform.launcher.core.EngineExecutionOrchestrator.execute(EngineExecutionOrchestrator.java:90)
	at org.junit.platform.launcher.core.EngineExecutionOrchestrator.lambda$execute$0(EngineExecutionOrchestrator.java:55)
	at org.junit.platform.launcher.core.EngineExecutionOrchestrator.withInterceptedStreams(EngineExecutionOrchestrator.java:102)
	at org.junit.platform.launcher.core.EngineExecutionOrchestrator.execute(EngineExecutionOrchestrator.java:54)
	at org.junit.platform.launcher.core.DefaultLauncher.execute(DefaultLauncher.java:114)
	at org.junit.platform.launcher.core.DefaultLauncher.execute(DefaultLauncher.java:86)
	at org.junit.platform.launcher.core.DefaultLauncherSession$DelegatingLauncher.execute(DefaultLauncherSession.java:86)
	at org.apache.maven.surefire.junitplatform.LazyLauncher.execute(LazyLauncher.java:55)
	at org.apache.maven.surefire.junitplatform.JUnitPlatformProvider.execute(JUnitPlatformProvider.java:223)
	at org.apache.maven.surefire.junitplatform.JUnitPlatformProvider.invokeAllTests(JUnitPlatformProvider.java:175)
	at org.apache.maven.surefire.junitplatform.JUnitPlatformProvider.invoke(JUnitPlatformProvider.java:139)
	at org.apache.maven.surefire.booter.ForkedBooter.runSuitesInProcess(ForkedBooter.java:456)
	at org.apache.maven.surefire.booter.ForkedBooter.execute(ForkedBooter.java:169)
	at org.apache.maven.surefire.booter.ForkedBooter.run(ForkedBooter.java:595)
	at org.apache.maven.surefire.booter.ForkedBooter.main(ForkedBooter.java:581)
]]></failure>
  </testcase>
  <testcase name="test33" classname="randoopTests.RegressionTest0" time="0"/>
  <testcase name="test34" classname="randoopTests.RegressionTest0" time="0.001">
    <failure message="&apos;Score: 0&#10;+-----+-----+-----+-----+&#10;|     |     |     |     |&#10;+-----+-----+-----+-----+&#10;|     |     |     |     |&#10;+-----+-----+-----+-----+&#10;|     |     |    2|     |&#10;+-----+-----+-----+-----+&#10;|    2|     |     |     |&#10;+-----+-----+-----+-----+&#10;&apos; != &apos;Score: 0&#10;+-----+-----+-----+-----+&#10;|     |     |     |    2|&#10;+-----+-----+-----+-----+&#10;|     |     |     |     |&#10;+-----+-----+-----+-----+&#10;|     |    2|     |     |&#10;+-----+-----+-----+-----+&#10;|     |     |     |     |&#10;+-----+-----+-----+-----+&#10;&apos; expected:&lt;...   |     |     |    [ |&#10;+-----+-----+-----+-----+&#10;|     |     |     |     |&#10;+-----+-----+-----+-----+&#10;|     |     |    2|     |&#10;+-----+-----+-----+-----+&#10;|    2]|     |     |     |&#10;...&gt; but was:&lt;...   |     |     |    [2|&#10;+-----+-----+-----+-----+&#10;|     |     |     |     |&#10;+-----+-----+-----+-----+&#10;|     |    2|     |     |&#10;+-----+-----+-----+-----+&#10;|     ]|     |     |     |&#10;...&gt;" type="org.junit.ComparisonFailure"><![CDATA[org.junit.ComparisonFailure: 
'Score: 0
+-----+-----+-----+-----+
|     |     |     |     |
+-----+-----+-----+-----+
|     |     |     |     |
+-----+-----+-----+-----+
|     |     |    2|     |
+-----+-----+-----+-----+
|    2|     |     |     |
+-----+-----+-----+-----+
' != 'Score: 0
+-----+-----+-----+-----+
|     |     |     |    2|
+-----+-----+-----+-----+
|     |     |     |     |
+-----+-----+-----+-----+
|     |    2|     |     |
+-----+-----+-----+-----+
|     |     |     |     |
+-----+-----+-----+-----+
' expected:<...   |     |     |    [ |
+-----+-----+-----+-----+
|     |     |     |     |
+-----+-----+-----+-----+
|     |     |    2|     |
+-----+-----+-----+-----+
|    2]|     |     |     |
...> but was:<...   |     |     |    [2|
+-----+-----+-----+-----+
|     |     |     |     |
+-----+-----+-----+-----+
|     |    2|     |     |
+-----+-----+-----+-----+
|     ]|     |     |     |
...>
	at org.junit.Assert.assertEquals(Assert.java:117)
	at randoopTests.RegressionTest0.test34(RegressionTest0.java:590)
	at sun.reflect.NativeMethodAccessorImpl.invoke0(Native Method)
	at sun.reflect.NativeMethodAccessorImpl.invoke(NativeMethodAccessorImpl.java:62)
	at sun.reflect.DelegatingMethodAccessorImpl.invoke(DelegatingMethodAccessorImpl.java:43)
	at java.lang.reflect.Method.invoke(Method.java:498)
	at org.junit.runners.model.FrameworkMethod$1.runReflectiveCall(FrameworkMethod.java:59)
	at org.junit.internal.runners.model.ReflectiveCallable.run(ReflectiveCallable.java:12)
	at org.junit.runners.model.FrameworkMethod.invokeExplosively(FrameworkMethod.java:56)
	at org.junit.internal.runners.statements.InvokeMethod.evaluate(InvokeMethod.java:17)
	at org.junit.runners.ParentRunner$3.evaluate(ParentRunner.java:306)
	at org.junit.runners.BlockJUnit4ClassRunner$1.evaluate(BlockJUnit4ClassRunner.java:100)
	at org.junit.runners.ParentRunner.runLeaf(ParentRunner.java:366)
	at org.junit.runners.BlockJUnit4ClassRunner.runChild(BlockJUnit4ClassRunner.java:103)
	at org.junit.runners.BlockJUnit4ClassRunner.runChild(BlockJUnit4ClassRunner.java:63)
	at org.junit.runners.ParentRunner$4.run(ParentRunner.java:331)
	at org.junit.runners.ParentRunner$1.schedule(ParentRunner.java:79)
	at org.junit.runners.ParentRunner.runChildren(ParentRunner.java:329)
	at org.junit.runners.ParentRunner.access$100(ParentRunner.java:66)
	at org.junit.runners.ParentRunner$2.evaluate(ParentRunner.java:293)
	at org.junit.runners.ParentRunner$3.evaluate(ParentRunner.java:306)
	at org.junit.runners.ParentRunner.run(ParentRunner.java:413)
	at org.junit.runner.JUnitCore.run(JUnitCore.java:137)
	at org.junit.runner.JUnitCore.run(JUnitCore.java:115)
	at org.junit.vintage.engine.execution.RunnerExecutor.execute(RunnerExecutor.java:42)
	at org.junit.vintage.engine.VintageTestEngine.executeAllChildren(VintageTestEngine.java:80)
	at org.junit.vintage.engine.VintageTestEngine.execute(VintageTestEngine.java:72)
	at org.junit.platform.launcher.core.EngineExecutionOrchestrator.execute(EngineExecutionOrchestrator.java:147)
	at org.junit.platform.launcher.core.EngineExecutionOrchestrator.execute(EngineExecutionOrchestrator.java:127)
	at org.junit.platform.launcher.core.EngineExecutionOrchestrator.execute(EngineExecutionOrchestrator.java:90)
	at org.junit.platform.launcher.core.EngineExecutionOrchestrator.lambda$execute$0(EngineExecutionOrchestrator.java:55)
	at org.junit.platform.launcher.core.EngineExecutionOrchestrator.withInterceptedStreams(EngineExecutionOrchestrator.java:102)
	at org.junit.platform.launcher.core.EngineExecutionOrchestrator.execute(EngineExecutionOrchestrator.java:54)
	at org.junit.platform.launcher.core.DefaultLauncher.execute(DefaultLauncher.java:114)
	at org.junit.platform.launcher.core.DefaultLauncher.execute(DefaultLauncher.java:86)
	at org.junit.platform.launcher.core.DefaultLauncherSession$DelegatingLauncher.execute(DefaultLauncherSession.java:86)
	at org.apache.maven.surefire.junitplatform.LazyLauncher.execute(LazyLauncher.java:55)
	at org.apache.maven.surefire.junitplatform.JUnitPlatformProvider.execute(JUnitPlatformProvider.java:223)
	at org.apache.maven.surefire.junitplatform.JUnitPlatformProvider.invokeAllTests(JUnitPlatformProvider.java:175)
	at org.apache.maven.surefire.junitplatform.JUnitPlatformProvider.invoke(JUnitPlatformProvider.java:139)
	at org.apache.maven.surefire.booter.ForkedBooter.runSuitesInProcess(ForkedBooter.java:456)
	at org.apache.maven.surefire.booter.ForkedBooter.execute(ForkedBooter.java:169)
	at org.apache.maven.surefire.booter.ForkedBooter.run(ForkedBooter.java:595)
	at org.apache.maven.surefire.booter.ForkedBooter.main(ForkedBooter.java:581)
]]></failure>
  </testcase>
  <testcase name="test35" classname="randoopTests.RegressionTest0" time="0"/>
  <testcase name="test36" classname="randoopTests.RegressionTest0" time="0"/>
  <testcase name="test37" classname="randoopTests.RegressionTest0" time="0.001"/>
  <testcase name="test38" classname="randoopTests.RegressionTest0" time="0"/>
  <testcase name="test39" classname="randoopTests.RegressionTest0" time="0"/>
  <testcase name="test40" classname="randoopTests.RegressionTest0" time="0">
    <failure message="&apos;Score: 0&#10;+-----+-----+-----+-----+&#10;|     |     |     |     |&#10;+-----+-----+-----+-----+&#10;|     |     |     |     |&#10;+-----+-----+-----+-----+&#10;|    2|     |     |    2|&#10;+-----+-----+-----+-----+&#10;|     |     |     |     |&#10;+-----+-----+-----+-----+&#10;&apos; != &apos;Score: 0&#10;+-----+-----+-----+-----+&#10;|     |     |     |     |&#10;+-----+-----+-----+-----+&#10;|     |     |    2|     |&#10;+-----+-----+-----+-----+&#10;|     |     |     |     |&#10;+-----+-----+-----+-----+&#10;|     |     |    2|     |&#10;+-----+-----+-----+-----+&#10;&apos; expected:&lt;...-+&#10;|     |     |    [ |     |&#10;+-----+-----+-----+-----+&#10;|    2|     |     |    2|&#10;+-----+-----+-----+-----+&#10;|     |     |     ]|     |&#10;+-----+-----...&gt; but was:&lt;...-+&#10;|     |     |    [2|     |&#10;+-----+-----+-----+-----+&#10;|     |     |     |     |&#10;+-----+-----+-----+-----+&#10;|     |     |    2]|     |&#10;+-----+-----...&gt;" type="org.junit.ComparisonFailure"><![CDATA[org.junit.ComparisonFailure: 
'Score: 0
+-----+-----+-----+-----+
|     |     |     |     |
+-----+-----+-----+-----+
|     |     |     |     |
+-----+-----+-----+-----+
|    2|     |     |    2|
+-----+-----+-----+-----+
|     |     |     |     |
+-----+-----+-----+-----+
' != 'Score: 0
+-----+-----+-----+-----+
|     |     |     |     |
+-----+-----+-----+-----+
|     |     |    2|     |
+-----+-----+-----+-----+
|     |     |     |     |
+-----+-----+-----+-----+
|     |     |    2|     |
+-----+-----+-----+-----+
' expected:<...-+
|     |     |    [ |     |
+-----+-----+-----+-----+
|    2|     |     |    2|
+-----+-----+-----+-----+
|     |     |     ]|     |
+-----+-----...> but was:<...-+
|     |     |    [2|     |
+-----+-----+-----+-----+
|     |     |     |     |
+-----+-----+-----+-----+
|     |     |    2]|     |
+-----+-----...>
	at org.junit.Assert.assertEquals(Assert.java:117)
	at randoopTests.RegressionTest0.test40(RegressionTest0.java:750)
	at sun.reflect.NativeMethodAccessorImpl.invoke0(Native Method)
	at sun.reflect.NativeMethodAccessorImpl.invoke(NativeMethodAccessorImpl.java:62)
	at sun.reflect.DelegatingMethodAccessorImpl.invoke(DelegatingMethodAccessorImpl.java:43)
	at java.lang.reflect.Method.invoke(Method.java:498)
	at org.junit.runners.model.FrameworkMethod$1.runReflectiveCall(FrameworkMethod.java:59)
	at org.junit.internal.runners.model.ReflectiveCallable.run(ReflectiveCallable.java:12)
	at org.junit.runners.model.FrameworkMethod.invokeExplosively(FrameworkMethod.java:56)
	at org.junit.internal.runners.statements.InvokeMethod.evaluate(InvokeMethod.java:17)
	at org.junit.runners.ParentRunner$3.evaluate(ParentRunner.java:306)
	at org.junit.runners.BlockJUnit4ClassRunner$1.evaluate(BlockJUnit4ClassRunner.java:100)
	at org.junit.runners.ParentRunner.runLeaf(ParentRunner.java:366)
	at org.junit.runners.BlockJUnit4ClassRunner.runChild(BlockJUnit4ClassRunner.java:103)
	at org.junit.runners.BlockJUnit4ClassRunner.runChild(BlockJUnit4ClassRunner.java:63)
	at org.junit.runners.ParentRunner$4.run(ParentRunner.java:331)
	at org.junit.runners.ParentRunner$1.schedule(ParentRunner.java:79)
	at org.junit.runners.ParentRunner.runChildren(ParentRunner.java:329)
	at org.junit.runners.ParentRunner.access$100(ParentRunner.java:66)
	at org.junit.runners.ParentRunner$2.evaluate(ParentRunner.java:293)
	at org.junit.runners.ParentRunner$3.evaluate(ParentRunner.java:306)
	at org.junit.runners.ParentRunner.run(ParentRunner.java:413)
	at org.junit.runner.JUnitCore.run(JUnitCore.java:137)
	at org.junit.runner.JUnitCore.run(JUnitCore.java:115)
	at org.junit.vintage.engine.execution.RunnerExecutor.execute(RunnerExecutor.java:42)
	at org.junit.vintage.engine.VintageTestEngine.executeAllChildren(VintageTestEngine.java:80)
	at org.junit.vintage.engine.VintageTestEngine.execute(VintageTestEngine.java:72)
	at org.junit.platform.launcher.core.EngineExecutionOrchestrator.execute(EngineExecutionOrchestrator.java:147)
	at org.junit.platform.launcher.core.EngineExecutionOrchestrator.execute(EngineExecutionOrchestrator.java:127)
	at org.junit.platform.launcher.core.EngineExecutionOrchestrator.execute(EngineExecutionOrchestrator.java:90)
	at org.junit.platform.launcher.core.EngineExecutionOrchestrator.lambda$execute$0(EngineExecutionOrchestrator.java:55)
	at org.junit.platform.launcher.core.EngineExecutionOrchestrator.withInterceptedStreams(EngineExecutionOrchestrator.java:102)
	at org.junit.platform.launcher.core.EngineExecutionOrchestrator.execute(EngineExecutionOrchestrator.java:54)
	at org.junit.platform.launcher.core.DefaultLauncher.execute(DefaultLauncher.java:114)
	at org.junit.platform.launcher.core.DefaultLauncher.execute(DefaultLauncher.java:86)
	at org.junit.platform.launcher.core.DefaultLauncherSession$DelegatingLauncher.execute(DefaultLauncherSession.java:86)
	at org.apache.maven.surefire.junitplatform.LazyLauncher.execute(LazyLauncher.java:55)
	at org.apache.maven.surefire.junitplatform.JUnitPlatformProvider.execute(JUnitPlatformProvider.java:223)
	at org.apache.maven.surefire.junitplatform.JUnitPlatformProvider.invokeAllTests(JUnitPlatformProvider.java:175)
	at org.apache.maven.surefire.junitplatform.JUnitPlatformProvider.invoke(JUnitPlatformProvider.java:139)
	at org.apache.maven.surefire.booter.ForkedBooter.runSuitesInProcess(ForkedBooter.java:456)
	at org.apache.maven.surefire.booter.ForkedBooter.execute(ForkedBooter.java:169)
	at org.apache.maven.surefire.booter.ForkedBooter.run(ForkedBooter.java:595)
	at org.apache.maven.surefire.booter.ForkedBooter.main(ForkedBooter.java:581)
]]></failure>
  </testcase>
  <testcase name="test41" classname="randoopTests.RegressionTest0" time="0">
    <failure message="&apos;true&apos; != &apos;false&apos;" type="java.lang.AssertionError"><![CDATA[java.lang.AssertionError: 'true' != 'false'
	at org.junit.Assert.fail(Assert.java:89)
	at org.junit.Assert.assertTrue(Assert.java:42)
	at randoopTests.RegressionTest0.test41(RegressionTest0.java:781)
	at sun.reflect.NativeMethodAccessorImpl.invoke0(Native Method)
	at sun.reflect.NativeMethodAccessorImpl.invoke(NativeMethodAccessorImpl.java:62)
	at sun.reflect.DelegatingMethodAccessorImpl.invoke(DelegatingMethodAccessorImpl.java:43)
	at java.lang.reflect.Method.invoke(Method.java:498)
	at org.junit.runners.model.FrameworkMethod$1.runReflectiveCall(FrameworkMethod.java:59)
	at org.junit.internal.runners.model.ReflectiveCallable.run(ReflectiveCallable.java:12)
	at org.junit.runners.model.FrameworkMethod.invokeExplosively(FrameworkMethod.java:56)
	at org.junit.internal.runners.statements.InvokeMethod.evaluate(InvokeMethod.java:17)
	at org.junit.runners.ParentRunner$3.evaluate(ParentRunner.java:306)
	at org.junit.runners.BlockJUnit4ClassRunner$1.evaluate(BlockJUnit4ClassRunner.java:100)
	at org.junit.runners.ParentRunner.runLeaf(ParentRunner.java:366)
	at org.junit.runners.BlockJUnit4ClassRunner.runChild(BlockJUnit4ClassRunner.java:103)
	at org.junit.runners.BlockJUnit4ClassRunner.runChild(BlockJUnit4ClassRunner.java:63)
	at org.junit.runners.ParentRunner$4.run(ParentRunner.java:331)
	at org.junit.runners.ParentRunner$1.schedule(ParentRunner.java:79)
	at org.junit.runners.ParentRunner.runChildren(ParentRunner.java:329)
	at org.junit.runners.ParentRunner.access$100(ParentRunner.java:66)
	at org.junit.runners.ParentRunner$2.evaluate(ParentRunner.java:293)
	at org.junit.runners.ParentRunner$3.evaluate(ParentRunner.java:306)
	at org.junit.runners.ParentRunner.run(ParentRunner.java:413)
	at org.junit.runner.JUnitCore.run(JUnitCore.java:137)
	at org.junit.runner.JUnitCore.run(JUnitCore.java:115)
	at org.junit.vintage.engine.execution.RunnerExecutor.execute(RunnerExecutor.java:42)
	at org.junit.vintage.engine.VintageTestEngine.executeAllChildren(VintageTestEngine.java:80)
	at org.junit.vintage.engine.VintageTestEngine.execute(VintageTestEngine.java:72)
	at org.junit.platform.launcher.core.EngineExecutionOrchestrator.execute(EngineExecutionOrchestrator.java:147)
	at org.junit.platform.launcher.core.EngineExecutionOrchestrator.execute(EngineExecutionOrchestrator.java:127)
	at org.junit.platform.launcher.core.EngineExecutionOrchestrator.execute(EngineExecutionOrchestrator.java:90)
	at org.junit.platform.launcher.core.EngineExecutionOrchestrator.lambda$execute$0(EngineExecutionOrchestrator.java:55)
	at org.junit.platform.launcher.core.EngineExecutionOrchestrator.withInterceptedStreams(EngineExecutionOrchestrator.java:102)
	at org.junit.platform.launcher.core.EngineExecutionOrchestrator.execute(EngineExecutionOrchestrator.java:54)
	at org.junit.platform.launcher.core.DefaultLauncher.execute(DefaultLauncher.java:114)
	at org.junit.platform.launcher.core.DefaultLauncher.execute(DefaultLauncher.java:86)
	at org.junit.platform.launcher.core.DefaultLauncherSession$DelegatingLauncher.execute(DefaultLauncherSession.java:86)
	at org.apache.maven.surefire.junitplatform.LazyLauncher.execute(LazyLauncher.java:55)
	at org.apache.maven.surefire.junitplatform.JUnitPlatformProvider.execute(JUnitPlatformProvider.java:223)
	at org.apache.maven.surefire.junitplatform.JUnitPlatformProvider.invokeAllTests(JUnitPlatformProvider.java:175)
	at org.apache.maven.surefire.junitplatform.JUnitPlatformProvider.invoke(JUnitPlatformProvider.java:139)
	at org.apache.maven.surefire.booter.ForkedBooter.runSuitesInProcess(ForkedBooter.java:456)
	at org.apache.maven.surefire.booter.ForkedBooter.execute(ForkedBooter.java:169)
	at org.apache.maven.surefire.booter.ForkedBooter.run(ForkedBooter.java:595)
	at org.apache.maven.surefire.booter.ForkedBooter.main(ForkedBooter.java:581)
]]></failure>
  </testcase>
  <testcase name="test42" classname="randoopTests.RegressionTest0" time="0"/>
  <testcase name="test43" classname="randoopTests.RegressionTest0" time="0"/>
  <testcase name="test44" classname="randoopTests.RegressionTest0" time="0.001">
    <failure message="&apos;Score: 0&#10;+-----+-----+-----+-----+&#10;|     |     |     |     |&#10;+-----+-----+-----+-----+&#10;|    2|     |     |     |&#10;+-----+-----+-----+-----+&#10;|     |     |     |    2|&#10;+-----+-----+-----+-----+&#10;|     |     |     |     |&#10;+-----+-----+-----+-----+&#10;&apos; != &apos;Score: 0&#10;+-----+-----+-----+-----+&#10;|     |    2|     |     |&#10;+-----+-----+-----+-----+&#10;|    2|     |     |     |&#10;+-----+-----+-----+-----+&#10;|     |     |     |     |&#10;+-----+-----+-----+-----+&#10;|     |     |     |     |&#10;+-----+-----+-----+-----+&#10;&apos; expected:&lt;...-+-----+&#10;|     |    [ |     |     |&#10;+-----+-----+-----+-----+&#10;|    2|     |     |     |&#10;+-----+-----+-----+-----+&#10;|     |     |     |    2]|&#10;+-----+-----+-----...&gt; but was:&lt;...-+-----+&#10;|     |    [2|     |     |&#10;+-----+-----+-----+-----+&#10;|    2|     |     |     |&#10;+-----+-----+-----+-----+&#10;|     |     |     |     ]|&#10;+-----+-----+-----...&gt;" type="org.junit.ComparisonFailure"><![CDATA[org.junit.ComparisonFailure: 
'Score: 0
+-----+-----+-----+-----+
|     |     |     |     |
+-----+-----+-----+-----+
|    2|     |     |     |
+-----+-----+-----+-----+
|     |     |     |    2|
+-----+-----+-----+-----+
|     |     |     |     |
+-----+-----+-----+-----+
' != 'Score: 0
+-----+-----+-----+-----+
|     |    2|     |     |
+-----+-----+-----+-----+
|    2|     |     |     |
+-----+-----+-----+-----+
|     |     |     |     |
+-----+-----+-----+-----+
|     |     |     |     |
+-----+-----+-----+-----+
' expected:<...-+-----+
|     |    [ |     |     |
+-----+-----+-----+-----+
|    2|     |     |     |
+-----+-----+-----+-----+
|     |     |     |    2]|
+-----+-----+-----...> but was:<...-+-----+
|     |    [2|     |     |
+-----+-----+-----+-----+
|    2|     |     |     |
+-----+-----+-----+-----+
|     |     |     |     ]|
+-----+-----+-----...>
	at org.junit.Assert.assertEquals(Assert.java:117)
	at randoopTests.RegressionTest0.test44(RegressionTest0.java:860)
	at sun.reflect.NativeMethodAccessorImpl.invoke0(Native Method)
	at sun.reflect.NativeMethodAccessorImpl.invoke(NativeMethodAccessorImpl.java:62)
	at sun.reflect.DelegatingMethodAccessorImpl.invoke(DelegatingMethodAccessorImpl.java:43)
	at java.lang.reflect.Method.invoke(Method.java:498)
	at org.junit.runners.model.FrameworkMethod$1.runReflectiveCall(FrameworkMethod.java:59)
	at org.junit.internal.runners.model.ReflectiveCallable.run(ReflectiveCallable.java:12)
	at org.junit.runners.model.FrameworkMethod.invokeExplosively(FrameworkMethod.java:56)
	at org.junit.internal.runners.statements.InvokeMethod.evaluate(InvokeMethod.java:17)
	at org.junit.runners.ParentRunner$3.evaluate(ParentRunner.java:306)
	at org.junit.runners.BlockJUnit4ClassRunner$1.evaluate(BlockJUnit4ClassRunner.java:100)
	at org.junit.runners.ParentRunner.runLeaf(ParentRunner.java:366)
	at org.junit.runners.BlockJUnit4ClassRunner.runChild(BlockJUnit4ClassRunner.java:103)
	at org.junit.runners.BlockJUnit4ClassRunner.runChild(BlockJUnit4ClassRunner.java:63)
	at org.junit.runners.ParentRunner$4.run(ParentRunner.java:331)
	at org.junit.runners.ParentRunner$1.schedule(ParentRunner.java:79)
	at org.junit.runners.ParentRunner.runChildren(ParentRunner.java:329)
	at org.junit.runners.ParentRunner.access$100(ParentRunner.java:66)
	at org.junit.runners.ParentRunner$2.evaluate(ParentRunner.java:293)
	at org.junit.runners.ParentRunner$3.evaluate(ParentRunner.java:306)
	at org.junit.runners.ParentRunner.run(ParentRunner.java:413)
	at org.junit.runner.JUnitCore.run(JUnitCore.java:137)
	at org.junit.runner.JUnitCore.run(JUnitCore.java:115)
	at org.junit.vintage.engine.execution.RunnerExecutor.execute(RunnerExecutor.java:42)
	at org.junit.vintage.engine.VintageTestEngine.executeAllChildren(VintageTestEngine.java:80)
	at org.junit.vintage.engine.VintageTestEngine.execute(VintageTestEngine.java:72)
	at org.junit.platform.launcher.core.EngineExecutionOrchestrator.execute(EngineExecutionOrchestrator.java:147)
	at org.junit.platform.launcher.core.EngineExecutionOrchestrator.execute(EngineExecutionOrchestrator.java:127)
	at org.junit.platform.launcher.core.EngineExecutionOrchestrator.execute(EngineExecutionOrchestrator.java:90)
	at org.junit.platform.launcher.core.EngineExecutionOrchestrator.lambda$execute$0(EngineExecutionOrchestrator.java:55)
	at org.junit.platform.launcher.core.EngineExecutionOrchestrator.withInterceptedStreams(EngineExecutionOrchestrator.java:102)
	at org.junit.platform.launcher.core.EngineExecutionOrchestrator.execute(EngineExecutionOrchestrator.java:54)
	at org.junit.platform.launcher.core.DefaultLauncher.execute(DefaultLauncher.java:114)
	at org.junit.platform.launcher.core.DefaultLauncher.execute(DefaultLauncher.java:86)
	at org.junit.platform.launcher.core.DefaultLauncherSession$DelegatingLauncher.execute(DefaultLauncherSession.java:86)
	at org.apache.maven.surefire.junitplatform.LazyLauncher.execute(LazyLauncher.java:55)
	at org.apache.maven.surefire.junitplatform.JUnitPlatformProvider.execute(JUnitPlatformProvider.java:223)
	at org.apache.maven.surefire.junitplatform.JUnitPlatformProvider.invokeAllTests(JUnitPlatformProvider.java:175)
	at org.apache.maven.surefire.junitplatform.JUnitPlatformProvider.invoke(JUnitPlatformProvider.java:139)
	at org.apache.maven.surefire.booter.ForkedBooter.runSuitesInProcess(ForkedBooter.java:456)
	at org.apache.maven.surefire.booter.ForkedBooter.execute(ForkedBooter.java:169)
	at org.apache.maven.surefire.booter.ForkedBooter.run(ForkedBooter.java:595)
	at org.apache.maven.surefire.booter.ForkedBooter.main(ForkedBooter.java:581)
]]></failure>
  </testcase>
  <testcase name="test45" classname="randoopTests.RegressionTest0" time="0">
    <failure message="&apos;Score: 32&#10;+-----+-----+-----+-----+&#10;|     |     |    2|     |&#10;+-----+-----+-----+-----+&#10;|     |     |     |     |&#10;+-----+-----+-----+-----+&#10;|     |     |     |     |&#10;+-----+-----+-----+-----+&#10;|     |    2|     |     |&#10;+-----+-----+-----+-----+&#10;&apos; != &apos;Score: 32&#10;+-----+-----+-----+-----+&#10;|     |     |     |     |&#10;+-----+-----+-----+-----+&#10;|     |     |     |     |&#10;+-----+-----+-----+-----+&#10;|     |     |    2|    2|&#10;+-----+-----+-----+-----+&#10;|     |     |     |     |&#10;+-----+-----+-----+-----+&#10;&apos; expected:&lt;...-+&#10;|     |     |    [2|     |&#10;+-----+-----+-----+-----+&#10;|     |     |     |     |&#10;+-----+-----+-----+-----+&#10;|     |     |     |     |&#10;+-----+-----+-----+-----+&#10;|     |    2]|     |     |&#10;+-----...&gt; but was:&lt;...-+&#10;|     |     |    [ |     |&#10;+-----+-----+-----+-----+&#10;|     |     |     |     |&#10;+-----+-----+-----+-----+&#10;|     |     |    2|    2|&#10;+-----+-----+-----+-----+&#10;|     |     ]|     |     |&#10;+-----...&gt;" type="org.junit.ComparisonFailure"><![CDATA[org.junit.ComparisonFailure: 
'Score: 32
+-----+-----+-----+-----+
|     |     |    2|     |
+-----+-----+-----+-----+
|     |     |     |     |
+-----+-----+-----+-----+
|     |     |     |     |
+-----+-----+-----+-----+
|     |    2|     |     |
+-----+-----+-----+-----+
' != 'Score: 32
+-----+-----+-----+-----+
|     |     |     |     |
+-----+-----+-----+-----+
|     |     |     |     |
+-----+-----+-----+-----+
|     |     |    2|    2|
+-----+-----+-----+-----+
|     |     |     |     |
+-----+-----+-----+-----+
' expected:<...-+
|     |     |    [2|     |
+-----+-----+-----+-----+
|     |     |     |     |
+-----+-----+-----+-----+
|     |     |     |     |
+-----+-----+-----+-----+
|     |    2]|     |     |
+-----...> but was:<...-+
|     |     |    [ |     |
+-----+-----+-----+-----+
|     |     |     |     |
+-----+-----+-----+-----+
|     |     |    2|    2|
+-----+-----+-----+-----+
|     |     ]|     |     |
+-----...>
	at org.junit.Assert.assertEquals(Assert.java:117)
	at randoopTests.RegressionTest0.test45(RegressionTest0.java:879)
	at sun.reflect.NativeMethodAccessorImpl.invoke0(Native Method)
	at sun.reflect.NativeMethodAccessorImpl.invoke(NativeMethodAccessorImpl.java:62)
	at sun.reflect.DelegatingMethodAccessorImpl.invoke(DelegatingMethodAccessorImpl.java:43)
	at java.lang.reflect.Method.invoke(Method.java:498)
	at org.junit.runners.model.FrameworkMethod$1.runReflectiveCall(FrameworkMethod.java:59)
	at org.junit.internal.runners.model.ReflectiveCallable.run(ReflectiveCallable.java:12)
	at org.junit.runners.model.FrameworkMethod.invokeExplosively(FrameworkMethod.java:56)
	at org.junit.internal.runners.statements.InvokeMethod.evaluate(InvokeMethod.java:17)
	at org.junit.runners.ParentRunner$3.evaluate(ParentRunner.java:306)
	at org.junit.runners.BlockJUnit4ClassRunner$1.evaluate(BlockJUnit4ClassRunner.java:100)
	at org.junit.runners.ParentRunner.runLeaf(ParentRunner.java:366)
	at org.junit.runners.BlockJUnit4ClassRunner.runChild(BlockJUnit4ClassRunner.java:103)
	at org.junit.runners.BlockJUnit4ClassRunner.runChild(BlockJUnit4ClassRunner.java:63)
	at org.junit.runners.ParentRunner$4.run(ParentRunner.java:331)
	at org.junit.runners.ParentRunner$1.schedule(ParentRunner.java:79)
	at org.junit.runners.ParentRunner.runChildren(ParentRunner.java:329)
	at org.junit.runners.ParentRunner.access$100(ParentRunner.java:66)
	at org.junit.runners.ParentRunner$2.evaluate(ParentRunner.java:293)
	at org.junit.runners.ParentRunner$3.evaluate(ParentRunner.java:306)
	at org.junit.runners.ParentRunner.run(ParentRunner.java:413)
	at org.junit.runner.JUnitCore.run(JUnitCore.java:137)
	at org.junit.runner.JUnitCore.run(JUnitCore.java:115)
	at org.junit.vintage.engine.execution.RunnerExecutor.execute(RunnerExecutor.java:42)
	at org.junit.vintage.engine.VintageTestEngine.executeAllChildren(VintageTestEngine.java:80)
	at org.junit.vintage.engine.VintageTestEngine.execute(VintageTestEngine.java:72)
	at org.junit.platform.launcher.core.EngineExecutionOrchestrator.execute(EngineExecutionOrchestrator.java:147)
	at org.junit.platform.launcher.core.EngineExecutionOrchestrator.execute(EngineExecutionOrchestrator.java:127)
	at org.junit.platform.launcher.core.EngineExecutionOrchestrator.execute(EngineExecutionOrchestrator.java:90)
	at org.junit.platform.launcher.core.EngineExecutionOrchestrator.lambda$execute$0(EngineExecutionOrchestrator.java:55)
	at org.junit.platform.launcher.core.EngineExecutionOrchestrator.withInterceptedStreams(EngineExecutionOrchestrator.java:102)
	at org.junit.platform.launcher.core.EngineExecutionOrchestrator.execute(EngineExecutionOrchestrator.java:54)
	at org.junit.platform.launcher.core.DefaultLauncher.execute(DefaultLauncher.java:114)
	at org.junit.platform.launcher.core.DefaultLauncher.execute(DefaultLauncher.java:86)
	at org.junit.platform.launcher.core.DefaultLauncherSession$DelegatingLauncher.execute(DefaultLauncherSession.java:86)
	at org.apache.maven.surefire.junitplatform.LazyLauncher.execute(LazyLauncher.java:55)
	at org.apache.maven.surefire.junitplatform.JUnitPlatformProvider.execute(JUnitPlatformProvider.java:223)
	at org.apache.maven.surefire.junitplatform.JUnitPlatformProvider.invokeAllTests(JUnitPlatformProvider.java:175)
	at org.apache.maven.surefire.junitplatform.JUnitPlatformProvider.invoke(JUnitPlatformProvider.java:139)
	at org.apache.maven.surefire.booter.ForkedBooter.runSuitesInProcess(ForkedBooter.java:456)
	at org.apache.maven.surefire.booter.ForkedBooter.execute(ForkedBooter.java:169)
	at org.apache.maven.surefire.booter.ForkedBooter.run(ForkedBooter.java:595)
	at org.apache.maven.surefire.booter.ForkedBooter.main(ForkedBooter.java:581)
]]></failure>
  </testcase>
  <testcase name="test46" classname="randoopTests.RegressionTest0" time="0"/>
  <testcase name="test47" classname="randoopTests.RegressionTest0" time="0.001">
    <failure message="&apos;Score: 0&#10;+-----+-----+-----+-----+&#10;|     |    2|    2|     |&#10;+-----+-----+-----+-----+&#10;|     |     |     |     |&#10;+-----+-----+-----+-----+&#10;|     |     |     |     |&#10;+-----+-----+-----+-----+&#10;|     |     |     |     |&#10;+-----+-----+-----+-----+&#10;&apos; != &apos;Score: 0&#10;+-----+-----+-----+-----+&#10;|    2|     |     |     |&#10;+-----+-----+-----+-----+&#10;|     |     |     |    2|&#10;+-----+-----+-----+-----+&#10;|     |     |     |     |&#10;+-----+-----+-----+-----+&#10;|     |     |     |     |&#10;+-----+-----+-----+-----+&#10;&apos; expected:&lt;...-+-----+-----+&#10;|    [ |    2|    2|     |&#10;+-----+-----+-----+-----+&#10;|     |     |     |     ]|&#10;+-----+-----+-----...&gt; but was:&lt;...-+-----+-----+&#10;|    [2|     |     |     |&#10;+-----+-----+-----+-----+&#10;|     |     |     |    2]|&#10;+-----+-----+-----...&gt;" type="org.junit.ComparisonFailure"><![CDATA[org.junit.ComparisonFailure: 
'Score: 0
+-----+-----+-----+-----+
|     |    2|    2|     |
+-----+-----+-----+-----+
|     |     |     |     |
+-----+-----+-----+-----+
|     |     |     |     |
+-----+-----+-----+-----+
|     |     |     |     |
+-----+-----+-----+-----+
' != 'Score: 0
+-----+-----+-----+-----+
|    2|     |     |     |
+-----+-----+-----+-----+
|     |     |     |    2|
+-----+-----+-----+-----+
|     |     |     |     |
+-----+-----+-----+-----+
|     |     |     |     |
+-----+-----+-----+-----+
' expected:<...-+-----+-----+
|    [ |    2|    2|     |
+-----+-----+-----+-----+
|     |     |     |     ]|
+-----+-----+-----...> but was:<...-+-----+-----+
|    [2|     |     |     |
+-----+-----+-----+-----+
|     |     |     |    2]|
+-----+-----+-----...>
	at org.junit.Assert.assertEquals(Assert.java:117)
	at randoopTests.RegressionTest0.test47(RegressionTest0.java:907)
	at sun.reflect.NativeMethodAccessorImpl.invoke0(Native Method)
	at sun.reflect.NativeMethodAccessorImpl.invoke(NativeMethodAccessorImpl.java:62)
	at sun.reflect.DelegatingMethodAccessorImpl.invoke(DelegatingMethodAccessorImpl.java:43)
	at java.lang.reflect.Method.invoke(Method.java:498)
	at org.junit.runners.model.FrameworkMethod$1.runReflectiveCall(FrameworkMethod.java:59)
	at org.junit.internal.runners.model.ReflectiveCallable.run(ReflectiveCallable.java:12)
	at org.junit.runners.model.FrameworkMethod.invokeExplosively(FrameworkMethod.java:56)
	at org.junit.internal.runners.statements.InvokeMethod.evaluate(InvokeMethod.java:17)
	at org.junit.runners.ParentRunner$3.evaluate(ParentRunner.java:306)
	at org.junit.runners.BlockJUnit4ClassRunner$1.evaluate(BlockJUnit4ClassRunner.java:100)
	at org.junit.runners.ParentRunner.runLeaf(ParentRunner.java:366)
	at org.junit.runners.BlockJUnit4ClassRunner.runChild(BlockJUnit4ClassRunner.java:103)
	at org.junit.runners.BlockJUnit4ClassRunner.runChild(BlockJUnit4ClassRunner.java:63)
	at org.junit.runners.ParentRunner$4.run(ParentRunner.java:331)
	at org.junit.runners.ParentRunner$1.schedule(ParentRunner.java:79)
	at org.junit.runners.ParentRunner.runChildren(ParentRunner.java:329)
	at org.junit.runners.ParentRunner.access$100(ParentRunner.java:66)
	at org.junit.runners.ParentRunner$2.evaluate(ParentRunner.java:293)
	at org.junit.runners.ParentRunner$3.evaluate(ParentRunner.java:306)
	at org.junit.runners.ParentRunner.run(ParentRunner.java:413)
	at org.junit.runner.JUnitCore.run(JUnitCore.java:137)
	at org.junit.runner.JUnitCore.run(JUnitCore.java:115)
	at org.junit.vintage.engine.execution.RunnerExecutor.execute(RunnerExecutor.java:42)
	at org.junit.vintage.engine.VintageTestEngine.executeAllChildren(VintageTestEngine.java:80)
	at org.junit.vintage.engine.VintageTestEngine.execute(VintageTestEngine.java:72)
	at org.junit.platform.launcher.core.EngineExecutionOrchestrator.execute(EngineExecutionOrchestrator.java:147)
	at org.junit.platform.launcher.core.EngineExecutionOrchestrator.execute(EngineExecutionOrchestrator.java:127)
	at org.junit.platform.launcher.core.EngineExecutionOrchestrator.execute(EngineExecutionOrchestrator.java:90)
	at org.junit.platform.launcher.core.EngineExecutionOrchestrator.lambda$execute$0(EngineExecutionOrchestrator.java:55)
	at org.junit.platform.launcher.core.EngineExecutionOrchestrator.withInterceptedStreams(EngineExecutionOrchestrator.java:102)
	at org.junit.platform.launcher.core.EngineExecutionOrchestrator.execute(EngineExecutionOrchestrator.java:54)
	at org.junit.platform.launcher.core.DefaultLauncher.execute(DefaultLauncher.java:114)
	at org.junit.platform.launcher.core.DefaultLauncher.execute(DefaultLauncher.java:86)
	at org.junit.platform.launcher.core.DefaultLauncherSession$DelegatingLauncher.execute(DefaultLauncherSession.java:86)
	at org.apache.maven.surefire.junitplatform.LazyLauncher.execute(LazyLauncher.java:55)
	at org.apache.maven.surefire.junitplatform.JUnitPlatformProvider.execute(JUnitPlatformProvider.java:223)
	at org.apache.maven.surefire.junitplatform.JUnitPlatformProvider.invokeAllTests(JUnitPlatformProvider.java:175)
	at org.apache.maven.surefire.junitplatform.JUnitPlatformProvider.invoke(JUnitPlatformProvider.java:139)
	at org.apache.maven.surefire.booter.ForkedBooter.runSuitesInProcess(ForkedBooter.java:456)
	at org.apache.maven.surefire.booter.ForkedBooter.execute(ForkedBooter.java:169)
	at org.apache.maven.surefire.booter.ForkedBooter.run(ForkedBooter.java:595)
	at org.apache.maven.surefire.booter.ForkedBooter.main(ForkedBooter.java:581)
]]></failure>
  </testcase>
  <testcase name="test48" classname="randoopTests.RegressionTest0" time="0"/>
  <testcase name="test49" classname="randoopTests.RegressionTest0" time="0">
    <failure message="&apos;.&apos; != &apos;2&apos; expected:&lt;[.]&gt; but was:&lt;[2]&gt;" type="org.junit.ComparisonFailure"><![CDATA[org.junit.ComparisonFailure: '.' != '2' expected:<[.]> but was:<[2]>
	at org.junit.Assert.assertEquals(Assert.java:117)
	at randoopTests.RegressionTest0.test49(RegressionTest0.java:959)
	at sun.reflect.NativeMethodAccessorImpl.invoke0(Native Method)
	at sun.reflect.NativeMethodAccessorImpl.invoke(NativeMethodAccessorImpl.java:62)
	at sun.reflect.DelegatingMethodAccessorImpl.invoke(DelegatingMethodAccessorImpl.java:43)
	at java.lang.reflect.Method.invoke(Method.java:498)
	at org.junit.runners.model.FrameworkMethod$1.runReflectiveCall(FrameworkMethod.java:59)
	at org.junit.internal.runners.model.ReflectiveCallable.run(ReflectiveCallable.java:12)
	at org.junit.runners.model.FrameworkMethod.invokeExplosively(FrameworkMethod.java:56)
	at org.junit.internal.runners.statements.InvokeMethod.evaluate(InvokeMethod.java:17)
	at org.junit.runners.ParentRunner$3.evaluate(ParentRunner.java:306)
	at org.junit.runners.BlockJUnit4ClassRunner$1.evaluate(BlockJUnit4ClassRunner.java:100)
	at org.junit.runners.ParentRunner.runLeaf(ParentRunner.java:366)
	at org.junit.runners.BlockJUnit4ClassRunner.runChild(BlockJUnit4ClassRunner.java:103)
	at org.junit.runners.BlockJUnit4ClassRunner.runChild(BlockJUnit4ClassRunner.java:63)
	at org.junit.runners.ParentRunner$4.run(ParentRunner.java:331)
	at org.junit.runners.ParentRunner$1.schedule(ParentRunner.java:79)
	at org.junit.runners.ParentRunner.runChildren(ParentRunner.java:329)
	at org.junit.runners.ParentRunner.access$100(ParentRunner.java:66)
	at org.junit.runners.ParentRunner$2.evaluate(ParentRunner.java:293)
	at org.junit.runners.ParentRunner$3.evaluate(ParentRunner.java:306)
	at org.junit.runners.ParentRunner.run(ParentRunner.java:413)
	at org.junit.runner.JUnitCore.run(JUnitCore.java:137)
	at org.junit.runner.JUnitCore.run(JUnitCore.java:115)
	at org.junit.vintage.engine.execution.RunnerExecutor.execute(RunnerExecutor.java:42)
	at org.junit.vintage.engine.VintageTestEngine.executeAllChildren(VintageTestEngine.java:80)
	at org.junit.vintage.engine.VintageTestEngine.execute(VintageTestEngine.java:72)
	at org.junit.platform.launcher.core.EngineExecutionOrchestrator.execute(EngineExecutionOrchestrator.java:147)
	at org.junit.platform.launcher.core.EngineExecutionOrchestrator.execute(EngineExecutionOrchestrator.java:127)
	at org.junit.platform.launcher.core.EngineExecutionOrchestrator.execute(EngineExecutionOrchestrator.java:90)
	at org.junit.platform.launcher.core.EngineExecutionOrchestrator.lambda$execute$0(EngineExecutionOrchestrator.java:55)
	at org.junit.platform.launcher.core.EngineExecutionOrchestrator.withInterceptedStreams(EngineExecutionOrchestrator.java:102)
	at org.junit.platform.launcher.core.EngineExecutionOrchestrator.execute(EngineExecutionOrchestrator.java:54)
	at org.junit.platform.launcher.core.DefaultLauncher.execute(DefaultLauncher.java:114)
	at org.junit.platform.launcher.core.DefaultLauncher.execute(DefaultLauncher.java:86)
	at org.junit.platform.launcher.core.DefaultLauncherSession$DelegatingLauncher.execute(DefaultLauncherSession.java:86)
	at org.apache.maven.surefire.junitplatform.LazyLauncher.execute(LazyLauncher.java:55)
	at org.apache.maven.surefire.junitplatform.JUnitPlatformProvider.execute(JUnitPlatformProvider.java:223)
	at org.apache.maven.surefire.junitplatform.JUnitPlatformProvider.invokeAllTests(JUnitPlatformProvider.java:175)
	at org.apache.maven.surefire.junitplatform.JUnitPlatformProvider.invoke(JUnitPlatformProvider.java:139)
	at org.apache.maven.surefire.booter.ForkedBooter.runSuitesInProcess(ForkedBooter.java:456)
	at org.apache.maven.surefire.booter.ForkedBooter.execute(ForkedBooter.java:169)
	at org.apache.maven.surefire.booter.ForkedBooter.run(ForkedBooter.java:595)
	at org.apache.maven.surefire.booter.ForkedBooter.main(ForkedBooter.java:581)
]]></failure>
  </testcase>
  <testcase name="test50" classname="randoopTests.RegressionTest0" time="0"/>
  <testcase name="test51" classname="randoopTests.RegressionTest0" time="0">
    <failure message="&apos;Score: 0&#10;+-----+-----+-----+-----+&#10;|     |     |    2|     |&#10;+-----+-----+-----+-----+&#10;|     |     |     |     |&#10;+-----+-----+-----+-----+&#10;|     |     |    4|     |&#10;+-----+-----+-----+-----+&#10;|     |     |     |     |&#10;+-----+-----+-----+-----+&#10;&apos; != &apos;Score: 0&#10;+-----+-----+-----+-----+&#10;|     |     |     |     |&#10;+-----+-----+-----+-----+&#10;|    2|    2|     |     |&#10;+-----+-----+-----+-----+&#10;|     |     |     |     |&#10;+-----+-----+-----+-----+&#10;|     |     |     |     |&#10;+-----+-----+-----+-----+&#10;&apos; expected:&lt;...-+&#10;|     |     |    [2|     |&#10;+-----+-----+-----+-----+&#10;|     |     |     |     |&#10;+-----+-----+-----+-----+&#10;|     |     |    4]|     |&#10;+-----+-----...&gt; but was:&lt;...-+&#10;|     |     |    [ |     |&#10;+-----+-----+-----+-----+&#10;|    2|    2|     |     |&#10;+-----+-----+-----+-----+&#10;|     |     |     ]|     |&#10;+-----+-----...&gt;" type="org.junit.ComparisonFailure"><![CDATA[org.junit.ComparisonFailure: 
'Score: 0
+-----+-----+-----+-----+
|     |     |    2|     |
+-----+-----+-----+-----+
|     |     |     |     |
+-----+-----+-----+-----+
|     |     |    4|     |
+-----+-----+-----+-----+
|     |     |     |     |
+-----+-----+-----+-----+
' != 'Score: 0
+-----+-----+-----+-----+
|     |     |     |     |
+-----+-----+-----+-----+
|    2|    2|     |     |
+-----+-----+-----+-----+
|     |     |     |     |
+-----+-----+-----+-----+
|     |     |     |     |
+-----+-----+-----+-----+
' expected:<...-+
|     |     |    [2|     |
+-----+-----+-----+-----+
|     |     |     |     |
+-----+-----+-----+-----+
|     |     |    4]|     |
+-----+-----...> but was:<...-+
|     |     |    [ |     |
+-----+-----+-----+-----+
|    2|    2|     |     |
+-----+-----+-----+-----+
|     |     |     ]|     |
+-----+-----...>
	at org.junit.Assert.assertEquals(Assert.java:117)
	at randoopTests.RegressionTest0.test51(RegressionTest0.java:992)
	at sun.reflect.NativeMethodAccessorImpl.invoke0(Native Method)
	at sun.reflect.NativeMethodAccessorImpl.invoke(NativeMethodAccessorImpl.java:62)
	at sun.reflect.DelegatingMethodAccessorImpl.invoke(DelegatingMethodAccessorImpl.java:43)
	at java.lang.reflect.Method.invoke(Method.java:498)
	at org.junit.runners.model.FrameworkMethod$1.runReflectiveCall(FrameworkMethod.java:59)
	at org.junit.internal.runners.model.ReflectiveCallable.run(ReflectiveCallable.java:12)
	at org.junit.runners.model.FrameworkMethod.invokeExplosively(FrameworkMethod.java:56)
	at org.junit.internal.runners.statements.InvokeMethod.evaluate(InvokeMethod.java:17)
	at org.junit.runners.ParentRunner$3.evaluate(ParentRunner.java:306)
	at org.junit.runners.BlockJUnit4ClassRunner$1.evaluate(BlockJUnit4ClassRunner.java:100)
	at org.junit.runners.ParentRunner.runLeaf(ParentRunner.java:366)
	at org.junit.runners.BlockJUnit4ClassRunner.runChild(BlockJUnit4ClassRunner.java:103)
	at org.junit.runners.BlockJUnit4ClassRunner.runChild(BlockJUnit4ClassRunner.java:63)
	at org.junit.runners.ParentRunner$4.run(ParentRunner.java:331)
	at org.junit.runners.ParentRunner$1.schedule(ParentRunner.java:79)
	at org.junit.runners.ParentRunner.runChildren(ParentRunner.java:329)
	at org.junit.runners.ParentRunner.access$100(ParentRunner.java:66)
	at org.junit.runners.ParentRunner$2.evaluate(ParentRunner.java:293)
	at org.junit.runners.ParentRunner$3.evaluate(ParentRunner.java:306)
	at org.junit.runners.ParentRunner.run(ParentRunner.java:413)
	at org.junit.runner.JUnitCore.run(JUnitCore.java:137)
	at org.junit.runner.JUnitCore.run(JUnitCore.java:115)
	at org.junit.vintage.engine.execution.RunnerExecutor.execute(RunnerExecutor.java:42)
	at org.junit.vintage.engine.VintageTestEngine.executeAllChildren(VintageTestEngine.java:80)
	at org.junit.vintage.engine.VintageTestEngine.execute(VintageTestEngine.java:72)
	at org.junit.platform.launcher.core.EngineExecutionOrchestrator.execute(EngineExecutionOrchestrator.java:147)
	at org.junit.platform.launcher.core.EngineExecutionOrchestrator.execute(EngineExecutionOrchestrator.java:127)
	at org.junit.platform.launcher.core.EngineExecutionOrchestrator.execute(EngineExecutionOrchestrator.java:90)
	at org.junit.platform.launcher.core.EngineExecutionOrchestrator.lambda$execute$0(EngineExecutionOrchestrator.java:55)
	at org.junit.platform.launcher.core.EngineExecutionOrchestrator.withInterceptedStreams(EngineExecutionOrchestrator.java:102)
	at org.junit.platform.launcher.core.EngineExecutionOrchestrator.execute(EngineExecutionOrchestrator.java:54)
	at org.junit.platform.launcher.core.DefaultLauncher.execute(DefaultLauncher.java:114)
[...]
	at org.apache.maven.surefire.junitplatform.JUnitPlatformProvider.execute(JUnitPlatformProvider.java:223)
	at org.apache.maven.surefire.junitplatform.JUnitPlatformProvider.invokeAllTests(JUnitPlatformProvider.java:175)
	at org.apache.maven.surefire.junitplatform.JUnitPlatformProvider.invoke(JUnitPlatformProvider.java:139)
	at org.apache.maven.surefire.booter.ForkedBooter.runSuitesInProcess(ForkedBooter.java:456)
	at org.apache.maven.surefire.booter.ForkedBooter.execute(ForkedBooter.java:169)
	at org.apache.maven.surefire.booter.ForkedBooter.run(ForkedBooter.java:595)
	at org.apache.maven.surefire.booter.ForkedBooter.main(ForkedBooter.java:581)
]]></failure>
  </testcase>
  <testcase name="test60" classname="randoopTests.RegressionTest0" time="0"/>
  <testcase name="test61" classname="randoopTests.RegressionTest0" time="0"/>
  <testcase name="test62" classname="randoopTests.RegressionTest0" time="0.001">
    <failure message="&apos;Score: 0&#10;+-----+-----+-----+-----+&#10;|     |     |    4|     |&#10;+-----+-----+-----+-----+&#10;|     |     |     |     |&#10;+-----+-----+-----+-----+&#10;|     |     |     |    2|&#10;+-----+-----+-----+-----+&#10;|     |     |     |     |&#10;+-----+-----+-----+-----+&#10;&apos; != &apos;Score: 0&#10;+-----+-----+-----+-----+&#10;|     |     |    2|     |&#10;+-----+-----+-----+-----+&#10;|     |     |     |     |&#10;+-----+-----+-----+-----+&#10;|     |     |     |     |&#10;+-----+-----+-----+-----+&#10;|     |    2|     |     |&#10;+-----+-----+-----+-----+&#10;&apos; expected:&lt;...-+&#10;|     |     |    [4|     |&#10;+-----+-----+-----+-----+&#10;|     |     |     |     |&#10;+-----+-----+-----+-----+&#10;|     |     |     |    2|&#10;+-----+-----+-----+-----+&#10;|     |     ]|     |     |&#10;+-----...&gt; but was:&lt;...-+&#10;|     |     |    [2|     |&#10;+-----+-----+-----+-----+&#10;|     |     |     |     |&#10;+-----+-----+-----+-----+&#10;|     |     |     |     |&#10;+-----+-----+-----+-----+&#10;|     |    2]|     |     |&#10;+-----...&gt;" type="org.junit.ComparisonFailure"><![CDATA[org.junit.ComparisonFailure: 
'Score: 0
+-----+-----+-----+-----+
|     |     |    4|     |
+-----+-----+-----+-----+
|     |     |     |     |
+-----+-----+-----+-----+
|     |     |     |    2|
+-----+-----+-----+-----+
|     |     |     |     |
+-----+-----+-----+-----+
' != 'Score: 0
+-----+-----+-----+-----+
|     |     |    2|     |
+-----+-----+-----+-----+
|     |     |     |     |
+-----+-----+-----+-----+
|     |     |     |     |
+-----+-----+-----+-----+
|     |    2|     |     |
+-----+-----+-----+-----+
' expected:<...-+
|     |     |    [4|     |
+-----+-----+-----+-----+
|     |     |     |     |
+-----+-----+-----+-----+
|     |     |     |    2|
+-----+-----+-----+-----+
|     |     ]|     |     |
+-----...> but was:<...-+
|     |     |    [2|     |
+-----+-----+-----+-----+
|     |     |     |     |
+-----+-----+-----+-----+
|     |     |     |     |
+-----+-----+-----+-----+
|     |    2]|     |     |
+-----...>
	at org.junit.Assert.assertEquals(Assert.java:117)
	at randoopTests.RegressionTest0.test62(RegressionTest0.java:1171)
	at sun.reflect.NativeMethodAccessorImpl.invoke0(Native Method)
	at sun.reflect.NativeMethodAccessorImpl.invoke(NativeMethodAccessorImpl.java:62)
	at sun.reflect.DelegatingMethodAccessorImpl.invoke(DelegatingMethodAccessorImpl.java:43)
	at java.lang.reflect.Method.invoke(Method.java:498)
	at org.junit.runners.model.FrameworkMethod$1.runReflectiveCall(FrameworkMethod.java:59)
	at org.junit.internal.runners.model.ReflectiveCallable.run(ReflectiveCallable.java:12)
	at org.junit.runners.model.FrameworkMethod.invokeExplosively(FrameworkMethod.java:56)
	at org.junit.internal.runners.statements.InvokeMethod.evaluate(InvokeMethod.java:17)
	at org.junit.runners.ParentRunner$3.evaluate(ParentRunner.java:306)
	at org.junit.runners.BlockJUnit4ClassRunner$1.evaluate(BlockJUnit4ClassRunner.java:100)
	at org.junit.runners.ParentRunner.runLeaf(ParentRunner.java:366)
	at org.junit.runners.BlockJUnit4ClassRunner.runChild(BlockJUnit4ClassRunner.java:103)
	at org.junit.runners.BlockJUnit4ClassRunner.runChild(BlockJUnit4ClassRunner.java:63)
	at org.junit.runners.ParentRunner$4.run(ParentRunner.java:331)
	at org.junit.runners.ParentRunner$1.schedule(ParentRunner.java:79)
	at org.junit.runners.ParentRunner.runChildren(ParentRunner.java:329)
	at org.junit.runners.ParentRunner.access$100(ParentRunner.java:66)
	at org.junit.runners.ParentRunner$2.evaluate(ParentRunner.java:293)
	at org.junit.runners.ParentRunner$3.evaluate(ParentRunner.java:306)
	at org.junit.runners.ParentRunner.run(ParentRunner.java:413)
	at org.junit.runner.JUnitCore.run(JUnitCore.java:137)
	at org.junit.runner.JUnitCore.run(JUnitCore.java:115)
	at org.junit.vintage.engine.execution.RunnerExecutor.execute(RunnerExecutor.java:42)
	at org.junit.vintage.engine.VintageTestEngine.executeAllChildren(VintageTestEngine.java:80)
	at org.junit.vintage.engine.VintageTestEngine.execute(VintageTestEngine.java:72)
	at org.junit.platform.launcher.core.EngineExecutionOrchestrator.execute(EngineExecutionOrchestrator.java:147)
	at org.junit.platform.launcher.core.EngineExecutionOrchestrator.execute(EngineExecutionOrchestrator.java:127)
	at org.junit.platform.launcher.core.EngineExecutionOrchestrator.execute(EngineExecutionOrchestrator.java:90)
	at org.junit.platform.launcher.core.EngineExecutionOrchestrator.lambda$execute$0(EngineExecutionOrchestrator.java:55)
	at org.junit.platform.launcher.core.EngineExecutionOrchestrator.withInterceptedStreams(EngineExecutionOrchestrator.java:102)
	at org.junit.platform.launcher.core.EngineExecutionOrchestrator.execute(EngineExecutionOrchestrator.java:54)
	at org.junit.platform.launcher.core.DefaultLauncher.execute(DefaultLauncher.java:114)
	at org.junit.platform.launcher.core.DefaultLauncher.execute(DefaultLauncher.java:86)
	at org.junit.platform.launcher.core.DefaultLauncherSession$DelegatingLauncher.execute(DefaultLauncherSession.java:86)
	at org.apache.maven.surefire.junitplatform.LazyLauncher.execute(LazyLauncher.java:55)
	at org.apache.maven.surefire.junitplatform.JUnitPlatformProvider.execute(JUnitPlatformProvider.java:223)
	at org.apache.maven.surefire.junitplatform.JUnitPlatformProvider.invokeAllTests(JUnitPlatformProvider.java:175)
	at org.apache.maven.surefire.junitplatform.JUnitPlatformProvider.invoke(JUnitPlatformProvider.java:139)
	at org.apache.maven.surefire.booter.ForkedBooter.runSuitesInProcess(ForkedBooter.java:456)
	at org.apache.maven.surefire.booter.ForkedBooter.execute(ForkedBooter.java:169)
	at org.apache.maven.surefire.booter.ForkedBooter.run(ForkedBooter.java:595)
	at org.apache.maven.surefire.booter.ForkedBooter.main(ForkedBooter.java:581)
]]></failure>
  </testcase>
  <testcase name="test63" classname="randoopTests.RegressionTest0" time="0"/>
  <testcase name="test64" classname="randoopTests.RegressionTest0" time="0"/>
  <testcase name="test65" classname="randoopTests.RegressionTest0" time="0"/>
  <testcase name="test66" classname="randoopTests.RegressionTest0" time="0"/>
  <testcase name="test67" classname="randoopTests.RegressionTest0" time="0.001">
    <failure message="&apos;Score: 0&#10;+-----+-----+-----+-----+&#10;|     |    2|     |     |&#10;+-----+-----+-----+-----+&#10;|     |     |     |    2|&#10;+-----+-----+-----+-----+&#10;|     |     |     |     |&#10;+-----+-----+-----+-----+&#10;|     |     |     |     |&#10;+-----+-----+-----+-----+&#10;&apos; != &apos;Score: 0&#10;+-----+-----+-----+-----+&#10;|     |     |     |     |&#10;+-----+-----+-----+-----+&#10;|    2|    2|     |     |&#10;+-----+-----+-----+-----+&#10;|     |     |     |     |&#10;+-----+-----+-----+-----+&#10;|     |     |     |     |&#10;+-----+-----+-----+-----+&#10;&apos; expected:&lt;...-+-----+&#10;|     |    [2|     |     |&#10;+-----+-----+-----+-----+&#10;|     |     |     |    2]|&#10;+-----+-----+-----...&gt; but was:&lt;...-+-----+&#10;|     |    [ |     |     |&#10;+-----+-----+-----+-----+&#10;|    2|    2|     |     ]|&#10;+-----+-----+-----...&gt;" type="org.junit.ComparisonFailure"><![CDATA[org.junit.ComparisonFailure: 
'Score: 0
+-----+-----+-----+-----+
|     |    2|     |     |
+-----+-----+-----+-----+
|     |     |     |    2|
+-----+-----+-----+-----+
|     |     |     |     |
+-----+-----+-----+-----+
|     |     |     |     |
+-----+-----+-----+-----+
' != 'Score: 0
+-----+-----+-----+-----+
|     |     |     |     |
+-----+-----+-----+-----+
|    2|    2|     |     |
+-----+-----+-----+-----+
|     |     |     |     |
+-----+-----+-----+-----+
|     |     |     |     |
+-----+-----+-----+-----+
' expected:<...-+-----+
|     |    [2|     |     |
+-----+-----+-----+-----+
|     |     |     |    2]|
+-----+-----+-----...> but was:<...-+-----+
|     |    [ |     |     |
+-----+-----+-----+-----+
|    2|    2|     |     ]|
+-----+-----+-----...>
	at org.junit.Assert.assertEquals(Assert.java:117)
	at randoopTests.RegressionTest0.test67(RegressionTest0.java:1275)
	at sun.reflect.NativeMethodAccessorImpl.invoke0(Native Method)
	at sun.reflect.NativeMethodAccessorImpl.invoke(NativeMethodAccessorImpl.java:62)
	at sun.reflect.DelegatingMethodAccessorImpl.invoke(DelegatingMethodAccessorImpl.java:43)
	at java.lang.reflect.Method.invoke(Method.java:498)
	at org.junit.runners.model.FrameworkMethod$1.runReflectiveCall(FrameworkMethod.java:59)
	at org.junit.internal.runners.model.ReflectiveCallable.run(ReflectiveCallable.java:12)
	at org.junit.runners.model.FrameworkMethod.invokeExplosively(FrameworkMethod.java:56)
	at org.junit.internal.runners.statements.InvokeMethod.evaluate(InvokeMethod.java:17)
	at org.junit.runners.ParentRunner$3.evaluate(ParentRunner.java:306)
	at org.junit.runners.BlockJUnit4ClassRunner$1.evaluate(BlockJUnit4ClassRunner.java:100)
	at org.junit.runners.ParentRunner.runLeaf(ParentRunner.java:366)
	at org.junit.runners.BlockJUnit4ClassRunner.runChild(BlockJUnit4ClassRunner.java:103)
	at org.junit.runners.BlockJUnit4ClassRunner.runChild(BlockJUnit4ClassRunner.java:63)
	at org.junit.runners.ParentRunner$4.run(ParentRunner.java:331)
	at org.junit.runners.ParentRunner$1.schedule(ParentRunner.java:79)
	at org.junit.runners.ParentRunner.runChildren(ParentRunner.java:329)
	at org.junit.runners.ParentRunner.access$100(ParentRunner.java:66)
	at org.junit.runners.ParentRunner$2.evaluate(ParentRunner.java:293)
	at org.junit.runners.ParentRunner$3.evaluate(ParentRunner.java:306)
	at org.junit.runners.ParentRunner.run(ParentRunner.java:413)
	at org.junit.runner.JUnitCore.run(JUnitCore.java:137)
	at org.junit.runner.JUnitCore.run(JUnitCore.java:115)
	at org.junit.vintage.engine.execution.RunnerExecutor.execute(RunnerExecutor.java:42)
	at org.junit.vintage.engine.VintageTestEngine.executeAllChildren(VintageTestEngine.java:80)
	at org.junit.vintage.engine.VintageTestEngine.execute(VintageTestEngine.java:72)
	at org.junit.platform.launcher.core.EngineExecutionOrchestrator.execute(EngineExecutionOrchestrator.java:147)
	at org.junit.platform.launcher.core.EngineExecutionOrchestrator.execute(EngineExecutionOrchestrator.java:127)
	at org.junit.platform.launcher.core.EngineExecutionOrchestrator.execute(EngineExecutionOrchestrator.java:90)
	at org.junit.platform.launcher.core.EngineExecutionOrchestrator.lambda$execute$0(EngineExecutionOrchestrator.java:55)
	at org.junit.platform.launcher.core.EngineExecutionOrchestrator.withInterceptedStreams(EngineExecutionOrchestrator.java:102)
	at org.junit.platform.launcher.core.EngineExecutionOrchestrator.execute(EngineExecutionOrchestrator.java:54)
	at org.junit.platform.launcher.core.DefaultLauncher.execute(DefaultLauncher.java:114)
	at org.junit.platform.launcher.core.DefaultLauncher.execute(DefaultLauncher.java:86)
	at org.junit.platform.launcher.core.DefaultLauncherSession$DelegatingLauncher.execute(DefaultLauncherSession.java:86)
	at org.apache.maven.surefire.junitplatform.LazyLauncher.execute(LazyLauncher.java:55)
	at org.apache.maven.surefire.junitplatform.JUnitPlatformProvider.execute(JUnitPlatformProvider.java:223)
	at org.apache.maven.surefire.junitplatform.JUnitPlatformProvider.invokeAllTests(JUnitPlatformProvider.java:175)
	at org.apache.maven.surefire.junitplatform.JUnitPlatformProvider.invoke(JUnitPlatformProvider.java:139)
	at org.apache.maven.surefire.booter.ForkedBooter.runSuitesInProcess(ForkedBooter.java:456)
	at org.apache.maven.surefire.booter.ForkedBooter.execute(ForkedBooter.java:169)
	at org.apache.maven.surefire.booter.ForkedBooter.run(ForkedBooter.java:595)
	at org.apache.maven.surefire.booter.ForkedBooter.main(ForkedBooter.java:581)
]]></failure>
  </testcase>
  <testcase name="test68" classname="randoopTests.RegressionTest0" time="0"/>
  <testcase name="test69" classname="randoopTests.RegressionTest0" time="0"/>
  <testcase name="test70" classname="randoopTests.RegressionTest0" time="0"/>
  <testcase name="test71" classname="randoopTests.RegressionTest0" time="0.001">
    <failure message="&apos;Score: 0&#10;+-----+-----+-----+-----+&#10;|    2|     |    2|     |&#10;+-----+-----+-----+-----+&#10;|     |     |     |     |&#10;+-----+-----+-----+-----+&#10;|     |     |     |     |&#10;+-----+-----+-----+-----+&#10;|     |     |     |     |&#10;+-----+-----+-----+-----+&#10;&apos; != &apos;Score: 0&#10;+-----+-----+-----+-----+&#10;|     |     |     |     |&#10;+-----+-----+-----+-----+&#10;|     |     |     |     |&#10;+-----+-----+-----+-----+&#10;|     |    2|     |    2|&#10;+-----+-----+-----+-----+&#10;|     |     |     |     |&#10;+-----+-----+-----+-----+&#10;&apos; expected:&lt;...-+-----+-----+&#10;|    [2|     |    2|     |&#10;+-----+-----+-----+-----+&#10;|     |     |     |     |&#10;+-----+-----+-----+-----+&#10;|     |     |     |     ]|&#10;+-----+-----+-----...&gt; but was:&lt;...-+-----+-----+&#10;|    [ |     |     |     |&#10;+-----+-----+-----+-----+&#10;|     |     |     |     |&#10;+-----+-----+-----+-----+&#10;|     |    2|     |    2]|&#10;+-----+-----+-----...&gt;" type="org.junit.ComparisonFailure"><![CDATA[org.junit.ComparisonFailure: 
'Score: 0
+-----+-----+-----+-----+
|    2|     |    2|     |
+-----+-----+-----+-----+
|     |     |     |     |
+-----+-----+-----+-----+
|     |     |     |     |
+-----+-----+-----+-----+
|     |     |     |     |
+-----+-----+-----+-----+
' != 'Score: 0
+-----+-----+-----+-----+
|     |     |     |     |
+-----+-----+-----+-----+
|     |     |     |     |
+-----+-----+-----+-----+
|     |    2|     |    2|
+-----+-----+-----+-----+
|     |     |     |     |
+-----+-----+-----+-----+
' expected:<...-+-----+-----+
|    [2|     |    2|     |
+-----+-----+-----+-----+
|     |     |     |     |
+-----+-----+-----+-----+
|     |     |     |     ]|
+-----+-----+-----...> but was:<...-+-----+-----+
|    [ |     |     |     |
+-----+-----+-----+-----+
|     |     |     |     |
+-----+-----+-----+-----+
|     |    2|     |    2]|
+-----+-----+-----...>
	at org.junit.Assert.assertEquals(Assert.java:117)
	at randoopTests.RegressionTest0.test71(RegressionTest0.java:1381)
	at sun.reflect.NativeMethodAccessorImpl.invoke0(Native Method)
	at sun.reflect.NativeMethodAccessorImpl.invoke(NativeMethodAccessorImpl.java:62)
	at sun.reflect.DelegatingMethodAccessorImpl.invoke(DelegatingMethodAccessorImpl.java:43)
	at java.lang.reflect.Method.invoke(Method.java:498)
	at org.junit.runners.model.FrameworkMethod$1.runReflectiveCall(FrameworkMethod.java:59)
	at org.junit.internal.runners.model.ReflectiveCallable.run(ReflectiveCallable.java:12)
	at org.junit.runners.model.FrameworkMethod.invokeExplosively(FrameworkMethod.java:56)
	at org.junit.internal.runners.statements.InvokeMethod.evaluate(InvokeMethod.java:17)
	at org.junit.runners.ParentRunner$3.evaluate(ParentRunner.java:306)
	at org.junit.runners.BlockJUnit4ClassRunner$1.evaluate(BlockJUnit4ClassRunner.java:100)
	at org.junit.runners.ParentRunner.runLeaf(ParentRunner.java:366)
	at org.junit.runners.BlockJUnit4ClassRunner.runChild(BlockJUnit4ClassRunner.java:103)
	at org.junit.runners.BlockJUnit4ClassRunner.runChild(BlockJUnit4ClassRunner.java:63)
	at org.junit.runners.ParentRunner$4.run(ParentRunner.java:331)
	at org.junit.runners.ParentRunner$1.schedule(ParentRunner.java:79)
	at org.junit.runners.ParentRunner.runChildren(ParentRunner.java:329)
	at org.junit.runners.ParentRunner.access$100(ParentRunner.java:66)
	at org.junit.runners.ParentRunner$2.evaluate(ParentRunner.java:293)
	at org.junit.runners.ParentRunner$3.evaluate(ParentRunner.java:306)
	at org.junit.runners.ParentRunner.run(ParentRunner.java:413)
	at org.junit.runner.JUnitCore.run(JUnitCore.java:137)
	at org.junit.runner.JUnitCore.run(JUnitCore.java:115)
	at org.junit.vintage.engine.execution.RunnerExecutor.execute(RunnerExecutor.java:42)
	at org.junit.vintage.engine.VintageTestEngine.executeAllChildren(VintageTestEngine.java:80)
	at org.junit.vintage.engine.VintageTestEngine.execute(VintageTestEngine.java:72)
	at org.junit.platform.launcher.core.EngineExecutionOrchestrator.execute(EngineExecutionOrchestrator.java:147)
	at org.junit.platform.launcher.core.EngineExecutionOrchestrator.execute(EngineExecutionOrchestrator.java:127)
	at org.junit.platform.launcher.core.EngineExecutionOrchestrator.execute(EngineExecutionOrchestrator.java:90)
	at org.junit.platform.launcher.core.EngineExecutionOrchestrator.lambda$execute$0(EngineExecutionOrchestrator.java:55)
	at org.junit.platform.launcher.core.EngineExecutionOrchestrator.withInterceptedStreams(EngineExecutionOrchestrator.java:102)
	at org.junit.platform.launcher.core.EngineExecutionOrchestrator.execute(EngineExecutionOrchestrator.java:54)
	at org.junit.platform.launcher.core.DefaultLauncher.execute(DefaultLauncher.java:114)
	at org.junit.platform.launcher.core.DefaultLauncher.execute(DefaultLauncher.java:86)
	at org.junit.platform.launcher.core.DefaultLauncherSession$DelegatingLauncher.execute(DefaultLauncherSession.java:86)
	at org.apache.maven.surefire.junitplatform.LazyLauncher.execute(LazyLauncher.java:55)
	at org.apache.maven.surefire.junitplatform.JUnitPlatformProvider.execute(JUnitPlatformProvider.java:223)
	at org.apache.maven.surefire.junitplatform.JUnitPlatformProvider.invokeAllTests(JUnitPlatformProvider.java:175)
	at org.apache.maven.surefire.junitplatform.JUnitPlatformProvider.invoke(JUnitPlatformProvider.java:139)
	at org.apache.maven.surefire.booter.ForkedBooter.runSuitesInProcess(ForkedBooter.java:456)
	at org.apache.maven.surefire.booter.ForkedBooter.execute(ForkedBooter.java:169)
	at org.apache.maven.surefire.booter.ForkedBooter.run(ForkedBooter.java:595)
	at org.apache.maven.surefire.booter.ForkedBooter.main(ForkedBooter.java:581)
]]></failure>
  </testcase>
  <testcase name="test72" classname="randoopTests.RegressionTest0" time="0"/>
  <testcase name="test73" classname="randoopTests.RegressionTest0" time="0"/>
  <testcase name="test74" classname="randoopTests.RegressionTest0" time="0"/>
  <testcase name="test75" classname="randoopTests.RegressionTest0" time="0"/>
  <testcase name="test76" classname="randoopTests.RegressionTest0" time="0.001"/>
  <testcase name="test77" classname="randoopTests.RegressionTest0" time="0"/>
  <testcase name="test78" classname="randoopTests.RegressionTest0" time="0"/>
  <testcase name="test79" classname="randoopTests.RegressionTest0" time="0"/>
  <testcase name="test80" classname="randoopTests.RegressionTest0" time="0"/>
  <testcase name="test81" classname="randoopTests.RegressionTest0" time="0"/>
  <testcase name="test82" classname="randoopTests.RegressionTest0" time="0"/>
  <testcase name="test83" classname="randoopTests.RegressionTest0" time="0"/>
  <testcase name="test84" classname="randoopTests.RegressionTest0" time="0"/>
  <testcase name="test85" classname="randoopTests.RegressionTest0" time="0"/>
  <testcase name="test86" classname="randoopTests.RegressionTest0" time="0"/>
  <testcase name="test87" classname="randoopTests.RegressionTest0" time="6.275"/>
</testsuite>